cuda:0
Files already downloaded and verified
Files already downloaded and verified
Epoch 1 Training Accuracy: 1.006%
Epoch 2 Training Accuracy: 1.416%
Epoch 3 Training Accuracy: 2.842%
Epoch 4 Training Accuracy: 6.984%
Epoch 5 Training Accuracy: 10.774%
Epoch 6 Training Accuracy: 13.348%
Epoch 7 Training Accuracy: 15.518%
Epoch 8 Training Accuracy: 17.548%
Epoch 9 Training Accuracy: 19.548%
Epoch 10 Training Accuracy: 21.136%
Epoch 11 Training Accuracy: 22.688%
Epoch 12 Training Accuracy: 24.006%
Epoch 13 Training Accuracy: 25.366%
Epoch 14 Training Accuracy: 26.418%
Epoch 15 Training Accuracy: 28.108%
Epoch 16 Training Accuracy: 29.352%
Epoch 17 Training Accuracy: 30.512%
Epoch 18 Training Accuracy: 31.854%
Epoch 19 Training Accuracy: 33.274%
Epoch 20 Training Accuracy: 34.346%
Epoch 21 Training Accuracy: 35.754%
Epoch 22 Training Accuracy: 36.71%
Epoch 23 Training Accuracy: 38.04%
Epoch 24 Training Accuracy: 38.802%
Epoch 25 Training Accuracy: 40.07%
Epoch 26 Training Accuracy: 40.884%
Epoch 27 Training Accuracy: 41.876%
Epoch 28 Training Accuracy: 43.056%
Epoch 29 Training Accuracy: 43.87%
Epoch 30 Training Accuracy: 45.066%
Finished Training
Training Time : 457.92193388938904
Final Training Loss: 2.116027322571601
Final Training Accuracy: 45.066%
Memory used for training: 2187052 Bytes
Saving the model as CNN_CIFAR100_30_2GPUs.pth
cuda:0
Files already downloaded and verified
Files already downloaded and verified
Test Accuracy: 37.32%
Test Loss: 2.5462637934715127
