cuda:0
Files already downloaded and verified
Files already downloaded and verified
Epoch 1 Training Accuracy: 1.026%
Epoch 2 Training Accuracy: 1.106%
Epoch 3 Training Accuracy: 1.19%
Epoch 4 Training Accuracy: 1.436%
Epoch 5 Training Accuracy: 1.378%
Epoch 6 Training Accuracy: 1.598%
Epoch 7 Training Accuracy: 1.662%
Epoch 8 Training Accuracy: 2.772%
Epoch 9 Training Accuracy: 5.918%
Epoch 10 Training Accuracy: 9.318%
Epoch 11 Training Accuracy: 11.244%
Epoch 12 Training Accuracy: 12.844%
Epoch 13 Training Accuracy: 14.216%
Epoch 14 Training Accuracy: 15.038%
Epoch 15 Training Accuracy: 16.356%
Epoch 16 Training Accuracy: 17.416%
Epoch 17 Training Accuracy: 18.562%
Epoch 18 Training Accuracy: 19.736%
Epoch 19 Training Accuracy: 20.696%
Epoch 20 Training Accuracy: 21.52%
Epoch 21 Training Accuracy: 22.356%
Epoch 22 Training Accuracy: 23.386%
Epoch 23 Training Accuracy: 24.356%
Epoch 24 Training Accuracy: 24.964%
Epoch 25 Training Accuracy: 25.85%
Epoch 26 Training Accuracy: 26.706%
Epoch 27 Training Accuracy: 27.574%
Epoch 28 Training Accuracy: 28.208%
Epoch 29 Training Accuracy: 29.212%
Epoch 30 Training Accuracy: 29.776%
Finished Training
Training Time : 420.5662031173706
Final Training Loss: 2.839219500036801
Final Training Accuracy: 29.776%
Memory used for training: 2189038 Bytes
Saving the model as CNN_CIFAR100_30_4GPUs.pth
cuda:0
Files already downloaded and verified
Files already downloaded and verified
Test Accuracy: 27.81%
Test Loss: 2.976313002501862
