cuda:0
Files already downloaded and verified
Files already downloaded and verified
Epoch 1 Training Accuracy: 1.092%
Epoch 2 Training Accuracy: 1.618%
Epoch 3 Training Accuracy: 4.01%
Epoch 4 Training Accuracy: 7.334%
Epoch 5 Training Accuracy: 11.512%
Epoch 6 Training Accuracy: 13.896%
Epoch 7 Training Accuracy: 15.7%
Epoch 8 Training Accuracy: 17.918%
Epoch 9 Training Accuracy: 19.564%
Epoch 10 Training Accuracy: 21.458%
Epoch 11 Training Accuracy: 23.126%
Epoch 12 Training Accuracy: 24.702%
Epoch 13 Training Accuracy: 26.44%
Epoch 14 Training Accuracy: 27.926%
Epoch 15 Training Accuracy: 29.578%
Epoch 16 Training Accuracy: 31.036%
Epoch 17 Training Accuracy: 32.434%
Epoch 18 Training Accuracy: 34.018%
Epoch 19 Training Accuracy: 34.982%
Epoch 20 Training Accuracy: 36.348%
Epoch 21 Training Accuracy: 37.33%
Epoch 22 Training Accuracy: 38.568%
Epoch 23 Training Accuracy: 39.494%
Epoch 24 Training Accuracy: 40.764%
Epoch 25 Training Accuracy: 41.67%
Epoch 26 Training Accuracy: 42.78%
Epoch 27 Training Accuracy: 43.47%
Epoch 28 Training Accuracy: 44.36%
Epoch 29 Training Accuracy: 45.57%
Epoch 30 Training Accuracy: 46.41%
Epoch 31 Training Accuracy: 47.256%
Epoch 32 Training Accuracy: 48.098%
Epoch 33 Training Accuracy: 49.328%
Epoch 34 Training Accuracy: 50.052%
Epoch 35 Training Accuracy: 50.546%
Epoch 36 Training Accuracy: 51.892%
Epoch 37 Training Accuracy: 52.402%
Epoch 38 Training Accuracy: 53.184%
Epoch 39 Training Accuracy: 54.09%
Epoch 40 Training Accuracy: 54.992%
Epoch 41 Training Accuracy: 56.01%
Epoch 42 Training Accuracy: 56.406%
Epoch 43 Training Accuracy: 57.342%
Epoch 44 Training Accuracy: 58.266%
Epoch 45 Training Accuracy: 58.63%
Epoch 46 Training Accuracy: 59.554%
Epoch 47 Training Accuracy: 60.532%
Epoch 48 Training Accuracy: 61.35%
Epoch 49 Training Accuracy: 61.732%
Epoch 50 Training Accuracy: 62.92%
Finished Training
Training Time : 745.3688769340515
Final Training Loss: 1.3392969322631427
Final Training Accuracy: 62.92%
Memory used for training: 2190383 Bytes
Saving the model as CNN_CIFAR100_50_2GPUs.pth
cuda:0
Files already downloaded and verified
Files already downloaded and verified
Test Accuracy: 38.27%
Test Loss: 2.773140526121589
