cuda:0
Files already downloaded and verified
Files already downloaded and verified
Epoch 1 Training Accuracy: 12.414%
Epoch 2 Training Accuracy: 15.84%
Epoch 3 Training Accuracy: 23.444%
Epoch 4 Training Accuracy: 30.452%
Epoch 5 Training Accuracy: 34.59%
Epoch 6 Training Accuracy: 37.842%
Epoch 7 Training Accuracy: 40.428%
Epoch 8 Training Accuracy: 42.862%
Epoch 9 Training Accuracy: 44.764%
Epoch 10 Training Accuracy: 46.826%
Epoch 11 Training Accuracy: 48.376%
Epoch 12 Training Accuracy: 49.494%
Epoch 13 Training Accuracy: 50.772%
Epoch 14 Training Accuracy: 52.228%
Epoch 15 Training Accuracy: 53.476%
Epoch 16 Training Accuracy: 54.598%
Epoch 17 Training Accuracy: 55.672%
Epoch 18 Training Accuracy: 56.87%
Epoch 19 Training Accuracy: 57.964%
Epoch 20 Training Accuracy: 58.712%
Epoch 21 Training Accuracy: 59.712%
Epoch 22 Training Accuracy: 60.526%
Epoch 23 Training Accuracy: 61.1%
Epoch 24 Training Accuracy: 62.194%
Epoch 25 Training Accuracy: 62.964%
Epoch 26 Training Accuracy: 63.764%
Epoch 27 Training Accuracy: 64.338%
Epoch 28 Training Accuracy: 65.432%
Epoch 29 Training Accuracy: 65.874%
Epoch 30 Training Accuracy: 66.482%
Epoch 31 Training Accuracy: 67.174%
Epoch 32 Training Accuracy: 67.698%
Epoch 33 Training Accuracy: 68.762%
Epoch 34 Training Accuracy: 69.386%
Epoch 35 Training Accuracy: 69.556%
Epoch 36 Training Accuracy: 70.388%
Epoch 37 Training Accuracy: 71.078%
Epoch 38 Training Accuracy: 71.55%
Epoch 39 Training Accuracy: 71.962%
Epoch 40 Training Accuracy: 72.59%
Epoch 41 Training Accuracy: 73.072%
Epoch 42 Training Accuracy: 73.57%
Epoch 43 Training Accuracy: 73.846%
Epoch 44 Training Accuracy: 74.638%
Epoch 45 Training Accuracy: 74.852%
Epoch 46 Training Accuracy: 75.476%
Epoch 47 Training Accuracy: 75.926%
Epoch 48 Training Accuracy: 76.354%
Epoch 49 Training Accuracy: 76.512%
Epoch 50 Training Accuracy: 77.026%
Finished Training
Training Time : 693.0779881477356
Final Training Loss: 0.6641886921032615
Final Training Accuracy: 77.026%
Memory used for training: 2188864 Bytes
Saving the model as CNN_CIFAR10_50_4GPUs.pth
cuda:0
Files already downloaded and verified
Files already downloaded and verified
Test Accuracy: 70.14%
Test Loss: 0.8805549914323831
