cuda:0
Files already downloaded and verified
Files already downloaded and verified
Epoch 1 Training Accuracy: 4.202%
Epoch 2 Training Accuracy: 9.41%
Epoch 3 Training Accuracy: 13.06%
Epoch 4 Training Accuracy: 16.264%
Epoch 5 Training Accuracy: 19.5%
Epoch 6 Training Accuracy: 22.428%
Epoch 7 Training Accuracy: 25.32%
Epoch 8 Training Accuracy: 28.298%
Epoch 9 Training Accuracy: 31.016%
Epoch 10 Training Accuracy: 34.098%
Epoch 11 Training Accuracy: 37.412%
Epoch 12 Training Accuracy: 40.626%
Epoch 13 Training Accuracy: 43.336%
Epoch 14 Training Accuracy: 47.692%
Epoch 15 Training Accuracy: 51.43%
Epoch 16 Training Accuracy: 54.872%
Epoch 17 Training Accuracy: 59.266%
Epoch 18 Training Accuracy: 62.85%
Epoch 19 Training Accuracy: 66.508%
Epoch 20 Training Accuracy: 70.322%
Epoch 21 Training Accuracy: 73.412%
Epoch 22 Training Accuracy: 78.026%
Epoch 23 Training Accuracy: 81.104%
Epoch 24 Training Accuracy: 83.242%
Epoch 25 Training Accuracy: 85.704%
Epoch 26 Training Accuracy: 87.43%
Epoch 27 Training Accuracy: 89.076%
Epoch 28 Training Accuracy: 90.576%
Epoch 29 Training Accuracy: 91.924%
Epoch 30 Training Accuracy: 92.584%
Epoch 31 Training Accuracy: 93.676%
Epoch 32 Training Accuracy: 94.772%
Epoch 33 Training Accuracy: 94.732%
Epoch 34 Training Accuracy: 95.018%
Epoch 35 Training Accuracy: 95.89%
Epoch 36 Training Accuracy: 96.33%
Epoch 37 Training Accuracy: 96.434%
Epoch 38 Training Accuracy: 96.942%
Epoch 39 Training Accuracy: 96.84%
Epoch 40 Training Accuracy: 97.536%
Epoch 41 Training Accuracy: 97.886%
Epoch 42 Training Accuracy: 97.894%
Epoch 43 Training Accuracy: 97.962%
Epoch 44 Training Accuracy: 98.194%
Epoch 45 Training Accuracy: 98.098%
Epoch 46 Training Accuracy: 98.3%
Epoch 47 Training Accuracy: 98.468%
Epoch 48 Training Accuracy: 98.452%
Epoch 49 Training Accuracy: 98.45%
Epoch 50 Training Accuracy: 98.596%
Finished Training
Training Time : 1028.0888905525208
Final Training Loss: 0.05980703656268699
Final Training Accuracy: 98.596%
Memory used for training: 2248377 Bytes
Saving the model as ResNet_CIFAR100_50_4GPUs.pth
cuda:0
Files already downloaded and verified
Files already downloaded and verified
Test Accuracy: 26.87%
Test Loss: 5.223926076406165
