cuda:0
Files already downloaded and verified
Files already downloaded and verified
Epoch 1 Training Accuracy: 14.42%
Epoch 2 Training Accuracy: 26.99%
Epoch 3 Training Accuracy: 36.264%
Epoch 4 Training Accuracy: 42.716%
Epoch 5 Training Accuracy: 47.114%
Epoch 6 Training Accuracy: 50.17%
Epoch 7 Training Accuracy: 52.892%
Epoch 8 Training Accuracy: 55.082%
Epoch 9 Training Accuracy: 57.278%
Epoch 10 Training Accuracy: 59.216%
Epoch 11 Training Accuracy: 60.958%
Epoch 12 Training Accuracy: 62.78%
Epoch 13 Training Accuracy: 64.342%
Epoch 14 Training Accuracy: 65.61%
Epoch 15 Training Accuracy: 66.832%
Epoch 16 Training Accuracy: 68.086%
Epoch 17 Training Accuracy: 68.962%
Epoch 18 Training Accuracy: 70.144%
Epoch 19 Training Accuracy: 71.184%
Epoch 20 Training Accuracy: 72.178%
Epoch 21 Training Accuracy: 73.066%
Epoch 22 Training Accuracy: 73.894%
Epoch 23 Training Accuracy: 74.628%
Epoch 24 Training Accuracy: 75.516%
Epoch 25 Training Accuracy: 76.312%
Epoch 26 Training Accuracy: 76.942%
Epoch 27 Training Accuracy: 77.902%
Epoch 28 Training Accuracy: 78.318%
Epoch 29 Training Accuracy: 79.188%
Epoch 30 Training Accuracy: 79.842%
Finished Training
Training Time : 449.3636357784271
Final Training Loss: 0.5818905716052141
Final Training Accuracy: 79.842%
Memory used for training: 2182660 Bytes
Saving the model as CNN_CIFAR10_30_2GPUs.pth
cuda:0
Files already downloaded and verified
Files already downloaded and verified
Test Accuracy: 71.23%
Test Loss: 0.8474042085325642
