cuda:0
Files already downloaded and verified
Files already downloaded and verified
Epoch 1 Training Accuracy: 0.896%
Epoch 2 Training Accuracy: 1.12%
Epoch 3 Training Accuracy: 1.272%
Epoch 4 Training Accuracy: 1.204%
Epoch 5 Training Accuracy: 1.74%
Epoch 6 Training Accuracy: 2.654%
Epoch 7 Training Accuracy: 3.06%
Epoch 8 Training Accuracy: 4.684%
Epoch 9 Training Accuracy: 6.398%
Epoch 10 Training Accuracy: 7.906%
Epoch 11 Training Accuracy: 9.438%
Epoch 12 Training Accuracy: 11.256%
Epoch 13 Training Accuracy: 12.584%
Epoch 14 Training Accuracy: 13.74%
Epoch 15 Training Accuracy: 14.904%
Epoch 16 Training Accuracy: 15.976%
Epoch 17 Training Accuracy: 17.012%
Epoch 18 Training Accuracy: 18.178%
Epoch 19 Training Accuracy: 19.338%
Epoch 20 Training Accuracy: 20.29%
Epoch 21 Training Accuracy: 21.178%
Epoch 22 Training Accuracy: 22.244%
Epoch 23 Training Accuracy: 23.026%
Epoch 24 Training Accuracy: 23.832%
Epoch 25 Training Accuracy: 24.84%
Epoch 26 Training Accuracy: 25.658%
Epoch 27 Training Accuracy: 26.42%
Epoch 28 Training Accuracy: 27.364%
Epoch 29 Training Accuracy: 28.18%
Epoch 30 Training Accuracy: 28.828%
Epoch 31 Training Accuracy: 29.646%
Epoch 32 Training Accuracy: 30.564%
Epoch 33 Training Accuracy: 31.254%
Epoch 34 Training Accuracy: 31.886%
Epoch 35 Training Accuracy: 32.734%
Epoch 36 Training Accuracy: 33.396%
Epoch 37 Training Accuracy: 33.968%
Epoch 38 Training Accuracy: 34.97%
Epoch 39 Training Accuracy: 35.28%
Epoch 40 Training Accuracy: 36.272%
Epoch 41 Training Accuracy: 36.898%
Epoch 42 Training Accuracy: 37.416%
Epoch 43 Training Accuracy: 37.83%
Epoch 44 Training Accuracy: 38.63%
Epoch 45 Training Accuracy: 39.022%
Epoch 46 Training Accuracy: 39.844%
Epoch 47 Training Accuracy: 40.39%
Epoch 48 Training Accuracy: 40.848%
Epoch 49 Training Accuracy: 41.346%
Epoch 50 Training Accuracy: 42.11%
Finished Training
Training Time : 702.2649593353271
Final Training Loss: 2.2581361135863283
Final Training Accuracy: 42.11%
Memory used for training: 2194390 Bytes
Saving the model as CNN_CIFAR100_50_4GPUs.pth
cuda:0
Files already downloaded and verified
Files already downloaded and verified
Test Accuracy: 34.28%
Test Loss: 2.6656740224814115
