cuda:0
Files already downloaded and verified
Files already downloaded and verified
Epoch 1 Training Accuracy: 27.236%
Epoch 2 Training Accuracy: 38.518%
Epoch 3 Training Accuracy: 44.582%
Epoch 4 Training Accuracy: 49.992%
Epoch 5 Training Accuracy: 53.996%
Epoch 6 Training Accuracy: 57.686%
Epoch 7 Training Accuracy: 61.094%
Epoch 8 Training Accuracy: 64.294%
Epoch 9 Training Accuracy: 67.526%
Epoch 10 Training Accuracy: 70.548%
Epoch 11 Training Accuracy: 73.53%
Epoch 12 Training Accuracy: 75.64%
Epoch 13 Training Accuracy: 78.018%
Epoch 14 Training Accuracy: 80.612%
Epoch 15 Training Accuracy: 82.572%
Epoch 16 Training Accuracy: 84.66%
Epoch 17 Training Accuracy: 85.922%
Epoch 18 Training Accuracy: 88.094%
Epoch 19 Training Accuracy: 88.694%
Epoch 20 Training Accuracy: 89.778%
Epoch 21 Training Accuracy: 90.99%
Epoch 22 Training Accuracy: 91.834%
Epoch 23 Training Accuracy: 92.83%
Epoch 24 Training Accuracy: 92.892%
Epoch 25 Training Accuracy: 93.076%
Epoch 26 Training Accuracy: 94.076%
Epoch 27 Training Accuracy: 94.424%
Epoch 28 Training Accuracy: 94.944%
Epoch 29 Training Accuracy: 95.492%
Epoch 30 Training Accuracy: 95.688%
Finished Training
Training Time : 821.6282434463501
Final Training Loss: 0.12623492282246004
Final Training Accuracy: 95.688%
Memory used for training: 2264786 Bytes
Saving the model as ResNet_CIFAR10_30_2GPUs.pth
cuda:0
Files already downloaded and verified
Files already downloaded and verified
