cuda:0
Files already downloaded and verified
Files already downloaded and verified
Epoch 1 Training Accuracy: 5.56%
Epoch 2 Training Accuracy: 10.948%
Epoch 3 Training Accuracy: 14.722%
Epoch 4 Training Accuracy: 18.356%
Epoch 5 Training Accuracy: 21.734%
Epoch 6 Training Accuracy: 24.61%
Epoch 7 Training Accuracy: 27.684%
Epoch 8 Training Accuracy: 30.468%
Epoch 9 Training Accuracy: 33.346%
Epoch 10 Training Accuracy: 36.744%
Epoch 11 Training Accuracy: 39.74%
Epoch 12 Training Accuracy: 43.302%
Epoch 13 Training Accuracy: 46.908%
Epoch 14 Training Accuracy: 50.664%
Epoch 15 Training Accuracy: 54.39%
Epoch 16 Training Accuracy: 57.862%
Epoch 17 Training Accuracy: 61.41%
Epoch 18 Training Accuracy: 65.5%
Epoch 19 Training Accuracy: 68.964%
Epoch 20 Training Accuracy: 72.78%
Epoch 21 Training Accuracy: 75.872%
Epoch 22 Training Accuracy: 78.316%
Epoch 23 Training Accuracy: 81.118%
Epoch 24 Training Accuracy: 83.764%
Epoch 25 Training Accuracy: 85.028%
Epoch 26 Training Accuracy: 86.954%
Epoch 27 Training Accuracy: 87.578%
Epoch 28 Training Accuracy: 89.752%
Epoch 29 Training Accuracy: 91.41%
Epoch 30 Training Accuracy: 91.34%
Finished Training
Training Time : 827.3981008529663
Final Training Loss: 0.2877922060296816
Final Training Accuracy: 91.34%
Memory used for training: 2263965 Bytes
Saving the model as ResNet_CIFAR100_30_2GPUs.pth
cuda:0
Files already downloaded and verified
Files already downloaded and verified
