cuda:0
Files already downloaded and verified
Files already downloaded and verified
Epoch 1 Training Accuracy: 13.43%
Epoch 2 Training Accuracy: 18.926%
Epoch 3 Training Accuracy: 25.012%
Epoch 4 Training Accuracy: 29.672%
Epoch 5 Training Accuracy: 34.734%
Epoch 6 Training Accuracy: 38.906%
Epoch 7 Training Accuracy: 42.288%
Epoch 8 Training Accuracy: 45.038%
Epoch 9 Training Accuracy: 46.724%
Epoch 10 Training Accuracy: 48.464%
Epoch 11 Training Accuracy: 50.058%
Epoch 12 Training Accuracy: 51.334%
Epoch 13 Training Accuracy: 52.818%
Epoch 14 Training Accuracy: 53.914%
Epoch 15 Training Accuracy: 55.15%
Epoch 16 Training Accuracy: 56.17%
Epoch 17 Training Accuracy: 57.262%
Epoch 18 Training Accuracy: 58.444%
Epoch 19 Training Accuracy: 59.416%
Epoch 20 Training Accuracy: 60.578%
Epoch 21 Training Accuracy: 61.258%
Epoch 22 Training Accuracy: 62.294%
Epoch 23 Training Accuracy: 63.096%
Epoch 24 Training Accuracy: 63.984%
Epoch 25 Training Accuracy: 64.726%
Epoch 26 Training Accuracy: 65.374%
Epoch 27 Training Accuracy: 65.846%
Epoch 28 Training Accuracy: 66.662%
Epoch 29 Training Accuracy: 67.23%
Epoch 30 Training Accuracy: 67.834%
Finished Training
Training Time : 534.7270746231079
Final Training Loss: 0.9231687808585594
Final Training Accuracy: 67.834%
Memory used for training: 2187503 Bytes
Saving the model as CNN_CIFAR10_30_4GPUs.pth
cuda:0
Files already downloaded and verified
Files already downloaded and verified
Test Accuracy: 65.49%
Test Loss: 0.9830509560017646
