cuda:0
Files already downloaded and verified
Files already downloaded and verified
Let's use 2 GPUs!
Number of GPUS :2
Epoch 1 Training Accuracy: 17.91%
Epoch 2 Training Accuracy: 30.464%
Epoch 3 Training Accuracy: 38.39%
Epoch 4 Training Accuracy: 43.548%
Epoch 5 Training Accuracy: 47.534%
Epoch 6 Training Accuracy: 50.728%
Epoch 7 Training Accuracy: 52.912%
Epoch 8 Training Accuracy: 55.476%
Epoch 9 Training Accuracy: 57.698%
Epoch 10 Training Accuracy: 59.6%
Epoch 11 Training Accuracy: 61.672%
Epoch 12 Training Accuracy: 62.966%
Epoch 13 Training Accuracy: 64.466%
Epoch 14 Training Accuracy: 65.53%
Epoch 15 Training Accuracy: 66.956%
Epoch 16 Training Accuracy: 68.188%
Epoch 17 Training Accuracy: 69.292%
Epoch 18 Training Accuracy: 70.268%
Epoch 19 Training Accuracy: 71.444%
Epoch 20 Training Accuracy: 72.256%
Epoch 21 Training Accuracy: 73.242%
Epoch 22 Training Accuracy: 74.106%
Epoch 23 Training Accuracy: 74.922%
Epoch 24 Training Accuracy: 75.814%
Epoch 25 Training Accuracy: 76.47%
Epoch 26 Training Accuracy: 77.286%
Epoch 27 Training Accuracy: 78.048%
Epoch 28 Training Accuracy: 78.988%
Epoch 29 Training Accuracy: 79.658%
Epoch 30 Training Accuracy: 80.282%
Epoch 31 Training Accuracy: 81.124%
Epoch 32 Training Accuracy: 82.092%
Epoch 33 Training Accuracy: 82.564%
Epoch 34 Training Accuracy: 83.476%
Epoch 35 Training Accuracy: 83.972%
Epoch 36 Training Accuracy: 84.834%
Epoch 37 Training Accuracy: 85.394%
Epoch 38 Training Accuracy: 86.0%
Epoch 39 Training Accuracy: 86.53%
Epoch 40 Training Accuracy: 87.23%
Epoch 41 Training Accuracy: 88.03%
Epoch 42 Training Accuracy: 88.476%
Epoch 43 Training Accuracy: 89.254%
Epoch 44 Training Accuracy: 89.694%
Epoch 45 Training Accuracy: 90.434%
Epoch 46 Training Accuracy: 90.96%
Epoch 47 Training Accuracy: 91.426%
Epoch 48 Training Accuracy: 92.17%
Epoch 49 Training Accuracy: 92.674%
Epoch 50 Training Accuracy: 92.63%
Epoch 51 Training Accuracy: 93.332%
Epoch 52 Training Accuracy: 94.128%
Epoch 53 Training Accuracy: 94.53%
Epoch 54 Training Accuracy: 95.3%
Epoch 55 Training Accuracy: 95.492%
Epoch 56 Training Accuracy: 96.088%
Epoch 57 Training Accuracy: 96.338%
Epoch 58 Training Accuracy: 96.69%
Epoch 59 Training Accuracy: 96.914%
Epoch 60 Training Accuracy: 97.22%
Epoch 61 Training Accuracy: 97.356%
Epoch 62 Training Accuracy: 97.678%
Epoch 63 Training Accuracy: 98.11%
Epoch 64 Training Accuracy: 98.278%
Epoch 65 Training Accuracy: 98.366%
Epoch 66 Training Accuracy: 98.448%
Epoch 67 Training Accuracy: 99.122%
Epoch 68 Training Accuracy: 99.474%
Epoch 69 Training Accuracy: 99.762%
Epoch 70 Training Accuracy: 99.966%
Epoch 71 Training Accuracy: 99.99%
Epoch 72 Training Accuracy: 99.994%
Epoch 73 Training Accuracy: 99.996%
Epoch 74 Training Accuracy: 99.998%
Epoch 75 Training Accuracy: 100.0%
Epoch 76 Training Accuracy: 100.0%
Epoch 77 Training Accuracy: 99.998%
Epoch 78 Training Accuracy: 100.0%
Epoch 79 Training Accuracy: 100.0%
Epoch 80 Training Accuracy: 100.0%
Epoch 81 Training Accuracy: 100.0%
Epoch 82 Training Accuracy: 100.0%
Epoch 83 Training Accuracy: 100.0%
Epoch 84 Training Accuracy: 100.0%
Epoch 85 Training Accuracy: 100.0%
Epoch 86 Training Accuracy: 100.0%
Epoch 87 Training Accuracy: 100.0%
Epoch 88 Training Accuracy: 100.0%
Epoch 89 Training Accuracy: 100.0%
Epoch 90 Training Accuracy: 100.0%
Epoch 91 Training Accuracy: 100.0%
Epoch 92 Training Accuracy: 100.0%
Epoch 93 Training Accuracy: 100.0%
Epoch 94 Training Accuracy: 100.0%
Epoch 95 Training Accuracy: 100.0%
Epoch 96 Training Accuracy: 100.0%
Epoch 97 Training Accuracy: 100.0%
Epoch 98 Training Accuracy: 100.0%
Epoch 99 Training Accuracy: 100.0%
Epoch 100 Training Accuracy: 100.0%
Finished Training
Training Time : 2679.534648180008
Final Training Loss: 0.0011338439411157683
Final Training Accuracy: 100.0%
Memory used for training: 2942290 Bytes
Saving the model as CNN_CIFAR10_2GPUs.pth
cuda:0
Files already downloaded and verified
Files already downloaded and verified
Let's use 2 GPUs!
Test Accuracy: 71.35%
Test Loss: 2.6355458194283163
