cuda:0
Files already downloaded and verified
Files already downloaded and verified
Let's use 2 GPUs!
Number of GPUS :2
Epoch 1 Training Accuracy: 11.078%
Epoch 2 Training Accuracy: 16.126%
Epoch 3 Training Accuracy: 17.878%
Epoch 4 Training Accuracy: 19.046%
Epoch 5 Training Accuracy: 19.868%
Epoch 6 Training Accuracy: 20.524%
Epoch 7 Training Accuracy: 21.01%
Epoch 8 Training Accuracy: 21.614%
Epoch 9 Training Accuracy: 21.92%
Epoch 10 Training Accuracy: 22.42%
Epoch 11 Training Accuracy: 22.636%
Epoch 12 Training Accuracy: 23.01%
Epoch 13 Training Accuracy: 23.262%
Epoch 14 Training Accuracy: 23.568%
Epoch 15 Training Accuracy: 23.97%
Epoch 16 Training Accuracy: 23.966%
Epoch 17 Training Accuracy: 24.226%
Epoch 18 Training Accuracy: 24.52%
Epoch 19 Training Accuracy: 24.674%
Epoch 20 Training Accuracy: 24.898%
Epoch 21 Training Accuracy: 25.112%
Epoch 22 Training Accuracy: 25.308%
Epoch 23 Training Accuracy: 25.512%
Epoch 24 Training Accuracy: 25.746%
Epoch 25 Training Accuracy: 25.766%
Epoch 26 Training Accuracy: 25.858%
Epoch 27 Training Accuracy: 26.086%
Epoch 28 Training Accuracy: 26.348%
Epoch 29 Training Accuracy: 26.356%
Epoch 30 Training Accuracy: 26.57%
Epoch 31 Training Accuracy: 26.816%
Epoch 32 Training Accuracy: 26.884%
Epoch 33 Training Accuracy: 27.16%
Epoch 34 Training Accuracy: 27.132%
Epoch 35 Training Accuracy: 27.114%
Epoch 36 Training Accuracy: 27.474%
Epoch 37 Training Accuracy: 27.502%
Epoch 38 Training Accuracy: 27.658%
Epoch 39 Training Accuracy: 27.764%
Epoch 40 Training Accuracy: 27.934%
Epoch 41 Training Accuracy: 27.9%
Epoch 42 Training Accuracy: 28.152%
Epoch 43 Training Accuracy: 28.37%
Epoch 44 Training Accuracy: 28.256%
Epoch 45 Training Accuracy: 28.302%
Epoch 46 Training Accuracy: 28.656%
Epoch 47 Training Accuracy: 28.626%
Epoch 48 Training Accuracy: 28.738%
Epoch 49 Training Accuracy: 28.848%
Epoch 50 Training Accuracy: 28.9%
Epoch 51 Training Accuracy: 28.968%
Epoch 52 Training Accuracy: 29.15%
Epoch 53 Training Accuracy: 29.188%
Epoch 54 Training Accuracy: 29.152%
Epoch 55 Training Accuracy: 29.338%
Epoch 56 Training Accuracy: 29.464%
Epoch 57 Training Accuracy: 29.418%
Epoch 58 Training Accuracy: 29.68%
Epoch 59 Training Accuracy: 29.646%
Epoch 60 Training Accuracy: 29.82%
Epoch 61 Training Accuracy: 29.784%
Epoch 62 Training Accuracy: 29.896%
Epoch 63 Training Accuracy: 29.936%
Epoch 64 Training Accuracy: 30.188%
Epoch 65 Training Accuracy: 30.176%
Epoch 66 Training Accuracy: 30.174%
Epoch 67 Training Accuracy: 30.29%
Epoch 68 Training Accuracy: 30.48%
Epoch 69 Training Accuracy: 30.412%
Epoch 70 Training Accuracy: 30.486%
Epoch 71 Training Accuracy: 30.466%
Epoch 72 Training Accuracy: 30.668%
Epoch 73 Training Accuracy: 30.676%
Epoch 74 Training Accuracy: 30.8%
Epoch 75 Training Accuracy: 30.714%
Epoch 76 Training Accuracy: 30.982%
Epoch 77 Training Accuracy: 30.926%
Epoch 78 Training Accuracy: 31.156%
Epoch 79 Training Accuracy: 31.124%
Epoch 80 Training Accuracy: 31.11%
Epoch 81 Training Accuracy: 31.178%
Epoch 82 Training Accuracy: 31.212%
Epoch 83 Training Accuracy: 31.282%
Epoch 84 Training Accuracy: 31.454%
Epoch 85 Training Accuracy: 31.516%
Epoch 86 Training Accuracy: 31.482%
Epoch 87 Training Accuracy: 31.52%
Epoch 88 Training Accuracy: 31.582%
Epoch 89 Training Accuracy: 31.714%
Epoch 90 Training Accuracy: 31.652%
Epoch 91 Training Accuracy: 31.874%
Epoch 92 Training Accuracy: 31.852%
Epoch 93 Training Accuracy: 31.874%
Epoch 94 Training Accuracy: 31.894%
Epoch 95 Training Accuracy: 32.008%
Epoch 96 Training Accuracy: 31.902%
Epoch 97 Training Accuracy: 32.162%
Epoch 98 Training Accuracy: 32.208%
Epoch 99 Training Accuracy: 32.168%
Epoch 100 Training Accuracy: 32.296%
Finished Training
Training Time : 2030.1924679279327
Final Training Loss: 2.959411113158516
Final Training Accuracy: 32.296%
Memory used for training: 2985812 Bytes
Saving the model as LogisticRegression_CIFAR100_2GPUs.pth
cuda:0
Files already downloaded and verified
Files already downloaded and verified
Let's use 2 GPUs!
Test Accuracy: 17.97%
Test Loss: 3.744530733983228
