cuda:0
Files already downloaded and verified
Files already downloaded and verified
Let's use 2 GPUs!
Number of GPUS :2
Epoch 1 Training Accuracy: 36.082%
Epoch 2 Training Accuracy: 40.116%
Epoch 3 Training Accuracy: 41.018%
Epoch 4 Training Accuracy: 41.682%
Epoch 5 Training Accuracy: 42.06%
Epoch 6 Training Accuracy: 42.364%
Epoch 7 Training Accuracy: 42.622%
Epoch 8 Training Accuracy: 42.866%
Epoch 9 Training Accuracy: 42.974%
Epoch 10 Training Accuracy: 43.152%
Epoch 11 Training Accuracy: 43.47%
Epoch 12 Training Accuracy: 43.518%
Epoch 13 Training Accuracy: 43.64%
Epoch 14 Training Accuracy: 43.598%
Epoch 15 Training Accuracy: 43.89%
Epoch 16 Training Accuracy: 43.866%
Epoch 17 Training Accuracy: 43.75%
Epoch 18 Training Accuracy: 44.11%
Epoch 19 Training Accuracy: 43.89%
Epoch 20 Training Accuracy: 44.136%
Epoch 21 Training Accuracy: 44.152%
Epoch 22 Training Accuracy: 44.136%
Epoch 23 Training Accuracy: 44.286%
Epoch 24 Training Accuracy: 44.456%
Epoch 25 Training Accuracy: 44.552%
Epoch 26 Training Accuracy: 44.286%
Epoch 27 Training Accuracy: 44.598%
Epoch 28 Training Accuracy: 44.646%
Epoch 29 Training Accuracy: 44.564%
Epoch 30 Training Accuracy: 44.652%
Finished Training
Training Time : 502.74019837379456
Final Training Loss: 1.631832221432415
Final Training Accuracy: 44.652%
Memory used for training: 3003535 Bytes
Saving the model as LogisticRegression_CIFAR10_2GPUs.pth
cuda:0
Files already downloaded and verified
Files already downloaded and verified
Let's use 2 GPUs!
Test Accuracy: 39.11%
Test Loss: 1.7550488945784841
