cuda:0
Files already downloaded and verified
Files already downloaded and verified
Let's use 2 GPUs!
Number of GPUS :2
Epoch 1 Training Accuracy: 35.776%
Epoch 2 Training Accuracy: 49.09%
Epoch 3 Training Accuracy: 56.152%
Epoch 4 Training Accuracy: 61.034%
Epoch 5 Training Accuracy: 65.684%
Epoch 6 Training Accuracy: 69.156%
Epoch 7 Training Accuracy: 72.92%
Epoch 8 Training Accuracy: 75.726%
Epoch 9 Training Accuracy: 79.048%
Epoch 10 Training Accuracy: 81.112%
Epoch 11 Training Accuracy: 83.598%
Epoch 12 Training Accuracy: 86.18%
Epoch 13 Training Accuracy: 87.344%
Epoch 14 Training Accuracy: 88.96%
Epoch 15 Training Accuracy: 90.71%
Epoch 16 Training Accuracy: 92.146%
Epoch 17 Training Accuracy: 92.49%
Epoch 18 Training Accuracy: 93.59%
Epoch 19 Training Accuracy: 94.43%
Epoch 20 Training Accuracy: 95.034%
Epoch 21 Training Accuracy: 95.74%
Epoch 22 Training Accuracy: 95.9%
Epoch 23 Training Accuracy: 96.404%
Epoch 24 Training Accuracy: 96.624%
Epoch 25 Training Accuracy: 96.804%
Epoch 26 Training Accuracy: 97.188%
Epoch 27 Training Accuracy: 97.408%
Epoch 28 Training Accuracy: 97.618%
Epoch 29 Training Accuracy: 97.868%
Epoch 30 Training Accuracy: 97.79%
Finished Training
Training Time : 2243.5668992996216
Final Training Loss: 0.06297629790278175
Final Training Accuracy: 97.79%
Memory used for training: 2939458 Bytes
Saving the model as ResNet_CIFAR10_2GPUs.pth
cuda:0
Files already downloaded and verified
Files already downloaded and verified
Let's use 2 GPUs!
Test Accuracy: 67.71%
Test Loss: 1.697061491620009
