cuda:0
Files already downloaded and verified
Files already downloaded and verified
Let's use 4 GPUs!
Number of GPUS :4
Epoch 1 Training Accuracy: 7.03%
Epoch 2 Training Accuracy: 14.356%
Epoch 3 Training Accuracy: 19.134%
Epoch 4 Training Accuracy: 22.852%
Epoch 5 Training Accuracy: 26.056%
Epoch 6 Training Accuracy: 29.09%
Epoch 7 Training Accuracy: 31.92%
Epoch 8 Training Accuracy: 35.122%
Epoch 9 Training Accuracy: 37.798%
Epoch 10 Training Accuracy: 40.722%
Epoch 11 Training Accuracy: 44.032%
Epoch 12 Training Accuracy: 47.526%
Epoch 13 Training Accuracy: 50.112%
Epoch 14 Training Accuracy: 53.638%
Epoch 15 Training Accuracy: 56.814%
Epoch 16 Training Accuracy: 59.418%
Epoch 17 Training Accuracy: 61.918%
Epoch 18 Training Accuracy: 65.506%
Epoch 19 Training Accuracy: 68.474%
Epoch 20 Training Accuracy: 70.83%
Epoch 21 Training Accuracy: 74.222%
Epoch 22 Training Accuracy: 76.542%
Epoch 23 Training Accuracy: 78.976%
Epoch 24 Training Accuracy: 80.746%
Epoch 25 Training Accuracy: 83.748%
Epoch 26 Training Accuracy: 83.974%
Epoch 27 Training Accuracy: 86.444%
Epoch 28 Training Accuracy: 87.89%
Epoch 29 Training Accuracy: 89.222%
Epoch 30 Training Accuracy: 90.846%
Finished Training
Training Time : 2140.6694083213806
Final Training Loss: 0.3173744212788389
Final Training Accuracy: 90.846%
Memory used for training: 3198355 Bytes
Saving the model as ResNet_CIFAR100_4GPUs.pth
cuda:0
Files already downloaded and verified
Files already downloaded and verified
Let's use 4 GPUs!
Test Accuracy: 31.85%
Test Loss: 3.8517536000360417
