cuda:0
Files already downloaded and verified
Files already downloaded and verified
Let's use 4 GPUs!
Number of GPUS :4
Epoch 1 Training Accuracy: 9.314%
Epoch 2 Training Accuracy: 14.316%
Epoch 3 Training Accuracy: 16.278%
Epoch 4 Training Accuracy: 17.28%
Epoch 5 Training Accuracy: 18.17%
Epoch 6 Training Accuracy: 18.874%
Epoch 7 Training Accuracy: 19.462%
Epoch 8 Training Accuracy: 19.908%
Epoch 9 Training Accuracy: 20.23%
Epoch 10 Training Accuracy: 20.624%
Epoch 11 Training Accuracy: 20.878%
Epoch 12 Training Accuracy: 21.206%
Epoch 13 Training Accuracy: 21.602%
Epoch 14 Training Accuracy: 21.708%
Epoch 15 Training Accuracy: 22.046%
Epoch 16 Training Accuracy: 22.142%
Epoch 17 Training Accuracy: 22.424%
Epoch 18 Training Accuracy: 22.8%
Epoch 19 Training Accuracy: 22.866%
Epoch 20 Training Accuracy: 23.048%
Epoch 21 Training Accuracy: 23.254%
Epoch 22 Training Accuracy: 23.434%
Epoch 23 Training Accuracy: 23.524%
Epoch 24 Training Accuracy: 23.744%
Epoch 25 Training Accuracy: 23.83%
Epoch 26 Training Accuracy: 23.99%
Epoch 27 Training Accuracy: 24.172%
Epoch 28 Training Accuracy: 24.116%
Epoch 29 Training Accuracy: 24.394%
Epoch 30 Training Accuracy: 24.594%
Finished Training
Training Time : 453.47293615341187
Final Training Loss: 3.3645795446527584
Final Training Accuracy: 24.594%
Memory used for training: 2990520 Bytes
Saving the model as LogisticRegression_CIFAR100_4GPUs.pth
cuda:0
Files already downloaded and verified
Files already downloaded and verified
Let's use 4 GPUs!
Test Accuracy: 18.59%
Test Loss: 3.654234659822681
