cuda:0
Files already downloaded and verified
Files already downloaded and verified
Let's use 4 GPUs!
Number of GPUS :4
Epoch 1 Training Accuracy: 35.204%
Epoch 2 Training Accuracy: 39.448%
Epoch 3 Training Accuracy: 40.682%
Epoch 4 Training Accuracy: 41.136%
Epoch 5 Training Accuracy: 41.636%
Epoch 6 Training Accuracy: 42.138%
Epoch 7 Training Accuracy: 42.35%
Epoch 8 Training Accuracy: 42.596%
Epoch 9 Training Accuracy: 42.798%
Epoch 10 Training Accuracy: 42.992%
Epoch 11 Training Accuracy: 43.076%
Epoch 12 Training Accuracy: 43.282%
Epoch 13 Training Accuracy: 43.332%
Epoch 14 Training Accuracy: 43.476%
Epoch 15 Training Accuracy: 43.654%
Epoch 16 Training Accuracy: 43.73%
Epoch 17 Training Accuracy: 43.702%
Epoch 18 Training Accuracy: 43.798%
Epoch 19 Training Accuracy: 43.852%
Epoch 20 Training Accuracy: 43.852%
Epoch 21 Training Accuracy: 44.014%
Epoch 22 Training Accuracy: 44.164%
Epoch 23 Training Accuracy: 44.186%
Epoch 24 Training Accuracy: 44.132%
Epoch 25 Training Accuracy: 44.176%
Epoch 26 Training Accuracy: 44.374%
Epoch 27 Training Accuracy: 44.456%
Epoch 28 Training Accuracy: 44.416%
Epoch 29 Training Accuracy: 44.372%
Epoch 30 Training Accuracy: 44.45%
Epoch 31 Training Accuracy: 44.59%
Epoch 32 Training Accuracy: 44.608%
Epoch 33 Training Accuracy: 44.622%
Epoch 34 Training Accuracy: 44.62%
Epoch 35 Training Accuracy: 44.69%
Epoch 36 Training Accuracy: 44.614%
Epoch 37 Training Accuracy: 44.716%
Epoch 38 Training Accuracy: 44.748%
Epoch 39 Training Accuracy: 44.552%
Epoch 40 Training Accuracy: 44.696%
Epoch 41 Training Accuracy: 44.868%
Epoch 42 Training Accuracy: 44.936%
Epoch 43 Training Accuracy: 44.988%
Epoch 44 Training Accuracy: 44.95%
Epoch 45 Training Accuracy: 44.954%
Epoch 46 Training Accuracy: 44.79%
Epoch 47 Training Accuracy: 45.002%
Epoch 48 Training Accuracy: 45.26%
Epoch 49 Training Accuracy: 44.968%
Epoch 50 Training Accuracy: 44.996%
Finished Training
Training Time : 751.8404183387756
Final Training Loss: 1.6243501020514446
Final Training Accuracy: 44.996%
Memory used for training: 3009978 Bytes
Saving the model as LogisticRegression_CIFAR10_4GPUs.pth
cuda:0
Files already downloaded and verified
Files already downloaded and verified
Let's use 4 GPUs!
Test Accuracy: 40.95%
Test Loss: 1.7179659242871441
