cuda:0
Files already downloaded and verified
Files already downloaded and verified
Let's use 2 GPUs!
Number of GPUS :2
Epoch 1 Training Accuracy: 8.862%
Epoch 2 Training Accuracy: 16.808%
Epoch 3 Training Accuracy: 22.162%
Epoch 4 Training Accuracy: 26.618%
Epoch 5 Training Accuracy: 30.88%
Epoch 6 Training Accuracy: 34.884%
Epoch 7 Training Accuracy: 38.912%
Epoch 8 Training Accuracy: 42.436%
Epoch 9 Training Accuracy: 46.19%
Epoch 10 Training Accuracy: 49.876%
Epoch 11 Training Accuracy: 53.516%
Epoch 12 Training Accuracy: 56.998%
Epoch 13 Training Accuracy: 60.602%
Epoch 14 Training Accuracy: 63.896%
Epoch 15 Training Accuracy: 67.47%
Epoch 16 Training Accuracy: 70.668%
Epoch 17 Training Accuracy: 73.486%
Epoch 18 Training Accuracy: 76.178%
Epoch 19 Training Accuracy: 79.312%
Epoch 20 Training Accuracy: 81.254%
Epoch 21 Training Accuracy: 83.068%
Epoch 22 Training Accuracy: 85.388%
Epoch 23 Training Accuracy: 87.088%
Epoch 24 Training Accuracy: 88.16%
Epoch 25 Training Accuracy: 89.588%
Epoch 26 Training Accuracy: 90.768%
Epoch 27 Training Accuracy: 91.614%
Epoch 28 Training Accuracy: 92.976%
Epoch 29 Training Accuracy: 93.592%
Epoch 30 Training Accuracy: 94.52%
Epoch 31 Training Accuracy: 94.588%
Epoch 32 Training Accuracy: 94.914%
Epoch 33 Training Accuracy: 95.342%
Epoch 34 Training Accuracy: 96.068%
Epoch 35 Training Accuracy: 95.976%
Epoch 36 Training Accuracy: 96.582%
Epoch 37 Training Accuracy: 96.34%
Epoch 38 Training Accuracy: 96.52%
Epoch 39 Training Accuracy: 96.55%
Epoch 40 Training Accuracy: 96.488%
Epoch 41 Training Accuracy: 97.29%
Epoch 42 Training Accuracy: 97.494%
Epoch 43 Training Accuracy: 96.81%
Epoch 44 Training Accuracy: 97.416%
Epoch 45 Training Accuracy: 96.936%
Epoch 46 Training Accuracy: 97.162%
Epoch 47 Training Accuracy: 97.388%
Epoch 48 Training Accuracy: 97.75%
Epoch 49 Training Accuracy: 97.344%
Epoch 50 Training Accuracy: 97.328%
Finished Training
Training Time : 3754.6813929080963
Final Training Loss: 0.08782300030541085
Final Training Accuracy: 97.328%
Memory used for training: 2934514 Bytes
Saving the model as ResNet_CIFAR100_2GPUs.pth
cuda:0
Files already downloaded and verified
Files already downloaded and verified
Let's use 2 GPUs!
Test Accuracy: 37.31%
Test Loss: 4.466253801515907
