cuda:0
Files already downloaded and verified
Files already downloaded and verified
Let's use 4 GPUs!
Number of GPUS :4
Epoch 1 Training Accuracy: 9.508%
Epoch 2 Training Accuracy: 14.408%
Epoch 3 Training Accuracy: 16.188%
Epoch 4 Training Accuracy: 17.396%
Epoch 5 Training Accuracy: 18.136%
Epoch 6 Training Accuracy: 19.052%
Epoch 7 Training Accuracy: 19.36%
Epoch 8 Training Accuracy: 19.79%
Epoch 9 Training Accuracy: 20.254%
Epoch 10 Training Accuracy: 20.544%
Epoch 11 Training Accuracy: 20.914%
Epoch 12 Training Accuracy: 21.272%
Epoch 13 Training Accuracy: 21.522%
Epoch 14 Training Accuracy: 21.738%
Epoch 15 Training Accuracy: 22.0%
Epoch 16 Training Accuracy: 22.274%
Epoch 17 Training Accuracy: 22.476%
Epoch 18 Training Accuracy: 22.602%
Epoch 19 Training Accuracy: 22.828%
Epoch 20 Training Accuracy: 22.958%
Epoch 21 Training Accuracy: 23.188%
Epoch 22 Training Accuracy: 23.426%
Epoch 23 Training Accuracy: 23.512%
Epoch 24 Training Accuracy: 23.714%
Epoch 25 Training Accuracy: 23.912%
Epoch 26 Training Accuracy: 23.94%
Epoch 27 Training Accuracy: 24.148%
Epoch 28 Training Accuracy: 24.244%
Epoch 29 Training Accuracy: 24.344%
Epoch 30 Training Accuracy: 24.312%
Epoch 31 Training Accuracy: 24.75%
Epoch 32 Training Accuracy: 24.686%
Epoch 33 Training Accuracy: 24.928%
Epoch 34 Training Accuracy: 24.972%
Epoch 35 Training Accuracy: 25.106%
Epoch 36 Training Accuracy: 25.208%
Epoch 37 Training Accuracy: 25.344%
Epoch 38 Training Accuracy: 25.366%
Epoch 39 Training Accuracy: 25.526%
Epoch 40 Training Accuracy: 25.482%
Epoch 41 Training Accuracy: 25.696%
Epoch 42 Training Accuracy: 25.734%
Epoch 43 Training Accuracy: 25.81%
Epoch 44 Training Accuracy: 25.926%
Epoch 45 Training Accuracy: 25.994%
Epoch 46 Training Accuracy: 26.16%
Epoch 47 Training Accuracy: 26.182%
Epoch 48 Training Accuracy: 26.226%
Epoch 49 Training Accuracy: 26.42%
Epoch 50 Training Accuracy: 26.546%
Epoch 51 Training Accuracy: 26.508%
Epoch 52 Training Accuracy: 26.656%
Epoch 53 Training Accuracy: 26.65%
Epoch 54 Training Accuracy: 26.766%
Epoch 55 Training Accuracy: 26.886%
Epoch 56 Training Accuracy: 26.934%
Epoch 57 Training Accuracy: 26.894%
Epoch 58 Training Accuracy: 26.998%
Epoch 59 Training Accuracy: 27.094%
Epoch 60 Training Accuracy: 27.042%
Epoch 61 Training Accuracy: 27.338%
Epoch 62 Training Accuracy: 27.314%
Epoch 63 Training Accuracy: 27.414%
Epoch 64 Training Accuracy: 27.388%
Epoch 65 Training Accuracy: 27.602%
Epoch 66 Training Accuracy: 27.618%
Epoch 67 Training Accuracy: 27.596%
Epoch 68 Training Accuracy: 27.756%
Epoch 69 Training Accuracy: 27.886%
Epoch 70 Training Accuracy: 27.788%
Epoch 71 Training Accuracy: 28.006%
Epoch 72 Training Accuracy: 27.996%
Epoch 73 Training Accuracy: 28.15%
Epoch 74 Training Accuracy: 28.216%
Epoch 75 Training Accuracy: 28.18%
Epoch 76 Training Accuracy: 28.21%
Epoch 77 Training Accuracy: 28.262%
Epoch 78 Training Accuracy: 28.35%
Epoch 79 Training Accuracy: 28.486%
Epoch 80 Training Accuracy: 28.498%
Epoch 81 Training Accuracy: 28.546%
Epoch 82 Training Accuracy: 28.672%
Epoch 83 Training Accuracy: 28.622%
Epoch 84 Training Accuracy: 28.626%
Epoch 85 Training Accuracy: 28.786%
Epoch 86 Training Accuracy: 28.772%
Epoch 87 Training Accuracy: 28.932%
Epoch 88 Training Accuracy: 29.004%
Epoch 89 Training Accuracy: 28.96%
Epoch 90 Training Accuracy: 28.948%
Epoch 91 Training Accuracy: 29.066%
Epoch 92 Training Accuracy: 29.082%
Epoch 93 Training Accuracy: 29.168%
Epoch 94 Training Accuracy: 29.228%
Epoch 95 Training Accuracy: 29.27%
Epoch 96 Training Accuracy: 29.19%
Epoch 97 Training Accuracy: 29.392%
Epoch 98 Training Accuracy: 29.406%
Epoch 99 Training Accuracy: 29.464%
Epoch 100 Training Accuracy: 29.466%
Finished Training
Training Time : 1485.2743198871613
Final Training Loss: 3.108396858815342
Final Training Accuracy: 29.466%
Memory used for training: 2993808 Bytes
Saving the model as LogisticRegression_CIFAR100_4GPUs.pth
cuda:0
Files already downloaded and verified
Files already downloaded and verified
Let's use 4 GPUs!
Test Accuracy: 18.96%
Test Loss: 3.67406379422055
