cuda:0
Files already downloaded and verified
Files already downloaded and verified
Number of GPUS :1
[1,  1500] loss: 3.999
Epoch 1 Training Accuracy: 9.738%
[2,  1500] loss: 3.369
Epoch 2 Training Accuracy: 19.086%
[3,  1500] loss: 3.014
Epoch 3 Training Accuracy: 25.682%
[4,  1500] loss: 2.744
Epoch 4 Training Accuracy: 30.672%
[5,  1500] loss: 2.496
Epoch 5 Training Accuracy: 35.258%
[6,  1500] loss: 2.281
Epoch 6 Training Accuracy: 40.008%
[7,  1500] loss: 2.088
Epoch 7 Training Accuracy: 44.202%
[8,  1500] loss: 1.901
Epoch 8 Training Accuracy: 48.376%
[9,  1500] loss: 1.735
Epoch 9 Training Accuracy: 52.238%
[10,  1500] loss: 1.568
Epoch 10 Training Accuracy: 55.766%
[11,  1500] loss: 1.399
Epoch 11 Training Accuracy: 59.726%
[12,  1500] loss: 1.267
Epoch 12 Training Accuracy: 62.97%
[13,  1500] loss: 1.102
Epoch 13 Training Accuracy: 67.274%
[14,  1500] loss: 0.997
Epoch 14 Training Accuracy: 70.038%
[15,  1500] loss: 0.853
Epoch 15 Training Accuracy: 73.86%
[16,  1500] loss: 0.759
Epoch 16 Training Accuracy: 76.472%
[17,  1500] loss: 0.650
Epoch 17 Training Accuracy: 79.65%
[18,  1500] loss: 0.582
Epoch 18 Training Accuracy: 81.778%
[19,  1500] loss: 0.510
Epoch 19 Training Accuracy: 83.536%
[20,  1500] loss: 0.459
Epoch 20 Training Accuracy: 85.378%
[21,  1500] loss: 0.380
Epoch 21 Training Accuracy: 87.72%
[22,  1500] loss: 0.334
Epoch 22 Training Accuracy: 89.392%
[23,  1500] loss: 0.286
Epoch 23 Training Accuracy: 90.93%
[24,  1500] loss: 0.244
Epoch 24 Training Accuracy: 92.182%
[25,  1500] loss: 0.226
Epoch 25 Training Accuracy: 92.736%
[26,  1500] loss: 0.223
Epoch 26 Training Accuracy: 92.844%
[27,  1500] loss: 0.203
Epoch 27 Training Accuracy: 93.486%
[28,  1500] loss: 0.198
Epoch 28 Training Accuracy: 93.658%
[29,  1500] loss: 0.151
Epoch 29 Training Accuracy: 95.286%
[30,  1500] loss: 0.140
Epoch 30 Training Accuracy: 95.54%
[31,  1500] loss: 0.137
Epoch 31 Training Accuracy: 95.634%
[32,  1500] loss: 0.125
Epoch 32 Training Accuracy: 96.066%
[33,  1500] loss: 0.114
Epoch 33 Training Accuracy: 96.41%
[34,  1500] loss: 0.098
Epoch 34 Training Accuracy: 96.904%
[35,  1500] loss: 0.084
Epoch 35 Training Accuracy: 97.37%
[36,  1500] loss: 0.080
Epoch 36 Training Accuracy: 97.518%
[37,  1500] loss: 0.080
Epoch 37 Training Accuracy: 97.428%
[38,  1500] loss: 0.082
Epoch 38 Training Accuracy: 97.412%
[39,  1500] loss: 0.080
Epoch 39 Training Accuracy: 97.616%
[40,  1500] loss: 0.065
Epoch 40 Training Accuracy: 97.99%
[41,  1500] loss: 0.067
Epoch 41 Training Accuracy: 97.78%
[42,  1500] loss: 0.063
Epoch 42 Training Accuracy: 98.036%
[43,  1500] loss: 0.066
Epoch 43 Training Accuracy: 97.96%
[44,  1500] loss: 0.065
Epoch 44 Training Accuracy: 98.018%
[45,  1500] loss: 0.061
Epoch 45 Training Accuracy: 98.056%
[46,  1500] loss: 0.055
Epoch 46 Training Accuracy: 98.306%
[47,  1500] loss: 0.057
Epoch 47 Training Accuracy: 98.186%
[48,  1500] loss: 0.054
Epoch 48 Training Accuracy: 98.32%
[49,  1500] loss: 0.049
Epoch 49 Training Accuracy: 98.466%
[50,  1500] loss: 0.051
Epoch 50 Training Accuracy: 98.39%
Finished Training
Training Time : 1827.028264284134
Final Training Loss: 0.0021788759829782746
Final Training Accuracy: 98.39%
Memory used for training: 2235722 Bytes
Saving the model as ResNet_CIFAR100_1GPUs.pth
cuda:0
Files already downloaded and verified
Files already downloaded and verified
Test Accuracy: 40.28%
Test Loss: 4.5019794112196365
