cuda:0
Files already downloaded and verified
Files already downloaded and verified
Let's use 4 GPUs!
Number of GPUS :4
Epoch 1 Training Accuracy: 32.954%
Epoch 2 Training Accuracy: 45.824%
Epoch 3 Training Accuracy: 51.622%
Epoch 4 Training Accuracy: 56.134%
Epoch 5 Training Accuracy: 59.83%
Epoch 6 Training Accuracy: 63.338%
Epoch 7 Training Accuracy: 66.5%
Epoch 8 Training Accuracy: 69.082%
Epoch 9 Training Accuracy: 71.962%
Epoch 10 Training Accuracy: 74.888%
Epoch 11 Training Accuracy: 77.142%
Epoch 12 Training Accuracy: 79.24%
Epoch 13 Training Accuracy: 81.214%
Epoch 14 Training Accuracy: 83.33%
Epoch 15 Training Accuracy: 84.712%
Epoch 16 Training Accuracy: 86.776%
Epoch 17 Training Accuracy: 87.988%
Epoch 18 Training Accuracy: 89.552%
Epoch 19 Training Accuracy: 90.76%
Epoch 20 Training Accuracy: 91.64%
Epoch 21 Training Accuracy: 92.288%
Epoch 22 Training Accuracy: 93.032%
Epoch 23 Training Accuracy: 93.838%
Epoch 24 Training Accuracy: 94.38%
Epoch 25 Training Accuracy: 94.826%
Epoch 26 Training Accuracy: 95.198%
Epoch 27 Training Accuracy: 95.576%
Epoch 28 Training Accuracy: 96.134%
Epoch 29 Training Accuracy: 96.28%
Epoch 30 Training Accuracy: 96.428%
Epoch 31 Training Accuracy: 96.594%
Epoch 32 Training Accuracy: 96.72%
Epoch 33 Training Accuracy: 97.268%
Epoch 34 Training Accuracy: 97.434%
Epoch 35 Training Accuracy: 97.646%
Epoch 36 Training Accuracy: 97.706%
Epoch 37 Training Accuracy: 97.848%
Epoch 38 Training Accuracy: 97.912%
Epoch 39 Training Accuracy: 98.29%
Epoch 40 Training Accuracy: 98.052%
Epoch 41 Training Accuracy: 98.33%
Epoch 42 Training Accuracy: 98.248%
Epoch 43 Training Accuracy: 98.362%
Epoch 44 Training Accuracy: 98.33%
Epoch 45 Training Accuracy: 98.472%
Epoch 46 Training Accuracy: 98.644%
Epoch 47 Training Accuracy: 98.626%
Epoch 48 Training Accuracy: 98.884%
Epoch 49 Training Accuracy: 98.66%
Epoch 50 Training Accuracy: 98.8%
Epoch 51 Training Accuracy: 98.868%
Epoch 52 Training Accuracy: 98.74%
Epoch 53 Training Accuracy: 98.838%
Epoch 54 Training Accuracy: 98.956%
Epoch 55 Training Accuracy: 98.996%
Epoch 56 Training Accuracy: 99.024%
Epoch 57 Training Accuracy: 99.092%
Epoch 58 Training Accuracy: 99.154%
Epoch 59 Training Accuracy: 99.1%
Epoch 60 Training Accuracy: 99.188%
Epoch 61 Training Accuracy: 99.16%
Epoch 62 Training Accuracy: 99.19%
Epoch 63 Training Accuracy: 99.17%
Epoch 64 Training Accuracy: 99.322%
Epoch 65 Training Accuracy: 99.194%
Epoch 66 Training Accuracy: 99.33%
Epoch 67 Training Accuracy: 99.35%
Epoch 68 Training Accuracy: 99.386%
Epoch 69 Training Accuracy: 99.206%
Epoch 70 Training Accuracy: 99.332%
Epoch 71 Training Accuracy: 99.348%
Epoch 72 Training Accuracy: 99.386%
Epoch 73 Training Accuracy: 99.46%
Epoch 74 Training Accuracy: 99.456%
Epoch 75 Training Accuracy: 99.424%
Epoch 76 Training Accuracy: 99.484%
Epoch 77 Training Accuracy: 99.466%
Epoch 78 Training Accuracy: 99.56%
Epoch 79 Training Accuracy: 99.438%
Epoch 80 Training Accuracy: 99.48%
Epoch 81 Training Accuracy: 99.504%
Epoch 82 Training Accuracy: 99.598%
Epoch 83 Training Accuracy: 99.542%
Epoch 84 Training Accuracy: 99.592%
Epoch 85 Training Accuracy: 99.588%
Epoch 86 Training Accuracy: 99.566%
Epoch 87 Training Accuracy: 99.66%
Epoch 88 Training Accuracy: 99.62%
Epoch 89 Training Accuracy: 99.574%
Epoch 90 Training Accuracy: 99.594%
Epoch 91 Training Accuracy: 99.586%
Epoch 92 Training Accuracy: 99.63%
Epoch 93 Training Accuracy: 99.632%
Epoch 94 Training Accuracy: 99.642%
Epoch 95 Training Accuracy: 99.652%
Epoch 96 Training Accuracy: 99.594%
Epoch 97 Training Accuracy: 99.646%
Epoch 98 Training Accuracy: 99.734%
Epoch 99 Training Accuracy: 99.658%
Epoch 100 Training Accuracy: 99.636%
Finished Training
Training Time : 7079.713772535324
Final Training Loss: 0.012053923850455988
Final Training Accuracy: 99.636%
Memory used for training: 3200390 Bytes
Saving the model as ResNet_CIFAR10_4GPUs.pth
cuda:0
Files already downloaded and verified
Files already downloaded and verified
Let's use 4 GPUs!
Test Accuracy: 65.95%
Test Loss: 2.298000291932987
