cuda:0
Files already downloaded and verified
Files already downloaded and verified
Number of GPUS :1
[1,  1500] loss: 1.652
Epoch 1 Training Accuracy: 40.984%
[2,  1500] loss: 1.281
Epoch 2 Training Accuracy: 54.306%
[3,  1500] loss: 1.097
Epoch 3 Training Accuracy: 61.168%
[4,  1500] loss: 0.951
Epoch 4 Training Accuracy: 66.428%
[5,  1500] loss: 0.831
Epoch 5 Training Accuracy: 70.74%
[6,  1500] loss: 0.720
Epoch 6 Training Accuracy: 74.582%
[7,  1500] loss: 0.629
Epoch 7 Training Accuracy: 77.972%
[8,  1500] loss: 0.546
Epoch 8 Training Accuracy: 80.818%
[9,  1500] loss: 0.463
Epoch 9 Training Accuracy: 83.606%
[10,  1500] loss: 0.399
Epoch 10 Training Accuracy: 85.83%
[11,  1500] loss: 0.339
Epoch 11 Training Accuracy: 87.868%
[12,  1500] loss: 0.285
Epoch 12 Training Accuracy: 89.988%
[13,  1500] loss: 0.247
Epoch 13 Training Accuracy: 91.154%
[14,  1500] loss: 0.213
Epoch 14 Training Accuracy: 92.44%
[15,  1500] loss: 0.186
Epoch 15 Training Accuracy: 93.39%
[16,  1500] loss: 0.157
Epoch 16 Training Accuracy: 94.394%
[17,  1500] loss: 0.144
Epoch 17 Training Accuracy: 94.836%
[18,  1500] loss: 0.118
Epoch 18 Training Accuracy: 95.818%
[19,  1500] loss: 0.110
Epoch 19 Training Accuracy: 96.174%
[20,  1500] loss: 0.100
Epoch 20 Training Accuracy: 96.502%
[21,  1500] loss: 0.085
Epoch 21 Training Accuracy: 97.03%
[22,  1500] loss: 0.084
Epoch 22 Training Accuracy: 97.04%
[23,  1500] loss: 0.074
Epoch 23 Training Accuracy: 97.362%
[24,  1500] loss: 0.071
Epoch 24 Training Accuracy: 97.54%
[25,  1500] loss: 0.056
Epoch 25 Training Accuracy: 98.086%
[26,  1500] loss: 0.056
Epoch 26 Training Accuracy: 98.09%
[27,  1500] loss: 0.050
Epoch 27 Training Accuracy: 98.206%
[28,  1500] loss: 0.044
Epoch 28 Training Accuracy: 98.412%
[29,  1500] loss: 0.042
Epoch 29 Training Accuracy: 98.564%
[30,  1500] loss: 0.047
Epoch 30 Training Accuracy: 98.428%
[31,  1500] loss: 0.038
Epoch 31 Training Accuracy: 98.72%
[32,  1500] loss: 0.036
Epoch 32 Training Accuracy: 98.762%
[33,  1500] loss: 0.033
Epoch 33 Training Accuracy: 98.838%
[34,  1500] loss: 0.035
Epoch 34 Training Accuracy: 98.772%
[35,  1500] loss: 0.034
Epoch 35 Training Accuracy: 98.842%
[36,  1500] loss: 0.031
Epoch 36 Training Accuracy: 98.984%
[37,  1500] loss: 0.024
Epoch 37 Training Accuracy: 99.186%
[38,  1500] loss: 0.018
Epoch 38 Training Accuracy: 99.344%
[39,  1500] loss: 0.022
Epoch 39 Training Accuracy: 99.216%
[40,  1500] loss: 0.023
Epoch 40 Training Accuracy: 99.218%
[41,  1500] loss: 0.022
Epoch 41 Training Accuracy: 99.304%
[42,  1500] loss: 0.023
Epoch 42 Training Accuracy: 99.206%
[43,  1500] loss: 0.018
Epoch 43 Training Accuracy: 99.412%
[44,  1500] loss: 0.028
Epoch 44 Training Accuracy: 99.046%
[45,  1500] loss: 0.025
Epoch 45 Training Accuracy: 99.138%
[46,  1500] loss: 0.023
Epoch 46 Training Accuracy: 99.176%
[47,  1500] loss: 0.021
Epoch 47 Training Accuracy: 99.28%
[48,  1500] loss: 0.020
Epoch 48 Training Accuracy: 99.334%
[49,  1500] loss: 0.019
Epoch 49 Training Accuracy: 99.36%
[50,  1500] loss: 0.013
Epoch 50 Training Accuracy: 99.556%
Finished Training
Training Time : 1749.8763761520386
Final Training Loss: 0.000603018101340223
Final Training Accuracy: 99.556%
Memory used for training: 2241414 Bytes
Saving the model as ResNet_CIFAR10_1GPUs.pth
cuda:0
Files already downloaded and verified
Files already downloaded and verified
Test Accuracy: 71.21%
Test Loss: 1.8603595418099779
