cuda:0
Files already downloaded and verified
Files already downloaded and verified
Number of GPUS :1
[1,  1500] loss: 1.690
Epoch 1 Training Accuracy: 39.628%
[2,  1500] loss: 1.303
Epoch 2 Training Accuracy: 53.46%
[3,  1500] loss: 1.098
Epoch 3 Training Accuracy: 61.434%
[4,  1500] loss: 0.951
Epoch 4 Training Accuracy: 66.444%
[5,  1500] loss: 0.823
Epoch 5 Training Accuracy: 71.108%
[6,  1500] loss: 0.713
Epoch 6 Training Accuracy: 75.078%
[7,  1500] loss: 0.631
Epoch 7 Training Accuracy: 77.98%
[8,  1500] loss: 0.540
Epoch 8 Training Accuracy: 80.812%
[9,  1500] loss: 0.463
Epoch 9 Training Accuracy: 83.712%
[10,  1500] loss: 0.402
Epoch 10 Training Accuracy: 85.744%
[11,  1500] loss: 0.339
Epoch 11 Training Accuracy: 87.972%
[12,  1500] loss: 0.291
Epoch 12 Training Accuracy: 89.736%
[13,  1500] loss: 0.250
Epoch 13 Training Accuracy: 91.068%
[14,  1500] loss: 0.217
Epoch 14 Training Accuracy: 92.208%
[15,  1500] loss: 0.181
Epoch 15 Training Accuracy: 93.548%
[16,  1500] loss: 0.161
Epoch 16 Training Accuracy: 94.306%
[17,  1500] loss: 0.139
Epoch 17 Training Accuracy: 95.02%
[18,  1500] loss: 0.125
Epoch 18 Training Accuracy: 95.576%
[19,  1500] loss: 0.110
Epoch 19 Training Accuracy: 96.046%
[20,  1500] loss: 0.102
Epoch 20 Training Accuracy: 96.372%
[21,  1500] loss: 0.088
Epoch 21 Training Accuracy: 96.896%
[22,  1500] loss: 0.081
Epoch 22 Training Accuracy: 97.116%
[23,  1500] loss: 0.077
Epoch 23 Training Accuracy: 97.272%
[24,  1500] loss: 0.063
Epoch 24 Training Accuracy: 97.826%
[25,  1500] loss: 0.057
Epoch 25 Training Accuracy: 98.004%
[26,  1500] loss: 0.055
Epoch 26 Training Accuracy: 98.126%
[27,  1500] loss: 0.054
Epoch 27 Training Accuracy: 98.152%
[28,  1500] loss: 0.043
Epoch 28 Training Accuracy: 98.454%
[29,  1500] loss: 0.046
Epoch 29 Training Accuracy: 98.398%
[30,  1500] loss: 0.044
Epoch 30 Training Accuracy: 98.442%
[31,  1500] loss: 0.042
Epoch 31 Training Accuracy: 98.552%
[32,  1500] loss: 0.039
Epoch 32 Training Accuracy: 98.614%
[33,  1500] loss: 0.031
Epoch 33 Training Accuracy: 98.946%
[34,  1500] loss: 0.029
Epoch 34 Training Accuracy: 99.062%
[35,  1500] loss: 0.027
Epoch 35 Training Accuracy: 99.054%
[36,  1500] loss: 0.024
Epoch 36 Training Accuracy: 99.148%
[37,  1500] loss: 0.027
Epoch 37 Training Accuracy: 98.986%
[38,  1500] loss: 0.031
Epoch 38 Training Accuracy: 98.968%
[39,  1500] loss: 0.029
Epoch 39 Training Accuracy: 99.004%
[40,  1500] loss: 0.022
Epoch 40 Training Accuracy: 99.258%
[41,  1500] loss: 0.022
Epoch 41 Training Accuracy: 99.332%
[42,  1500] loss: 0.022
Epoch 42 Training Accuracy: 99.274%
[43,  1500] loss: 0.022
Epoch 43 Training Accuracy: 99.244%
[44,  1500] loss: 0.024
Epoch 44 Training Accuracy: 99.214%
[45,  1500] loss: 0.019
Epoch 45 Training Accuracy: 99.314%
[46,  1500] loss: 0.022
Epoch 46 Training Accuracy: 99.156%
[47,  1500] loss: 0.019
Epoch 47 Training Accuracy: 99.33%
[48,  1500] loss: 0.017
Epoch 48 Training Accuracy: 99.418%
[49,  1500] loss: 0.014
Epoch 49 Training Accuracy: 99.534%
[50,  1500] loss: 0.018
Epoch 50 Training Accuracy: 99.408%
[51,  1500] loss: 0.015
Epoch 51 Training Accuracy: 99.482%
[52,  1500] loss: 0.012
Epoch 52 Training Accuracy: 99.602%
[53,  1500] loss: 0.011
Epoch 53 Training Accuracy: 99.686%
[54,  1500] loss: 0.009
Epoch 54 Training Accuracy: 99.72%
[55,  1500] loss: 0.013
Epoch 55 Training Accuracy: 99.568%
[56,  1500] loss: 0.015
Epoch 56 Training Accuracy: 99.508%
[57,  1500] loss: 0.014
Epoch 57 Training Accuracy: 99.524%
[58,  1500] loss: 0.010
Epoch 58 Training Accuracy: 99.646%
[59,  1500] loss: 0.009
Epoch 59 Training Accuracy: 99.706%
[60,  1500] loss: 0.019
Epoch 60 Training Accuracy: 99.358%
[61,  1500] loss: 0.018
Epoch 61 Training Accuracy: 99.374%
[62,  1500] loss: 0.014
Epoch 62 Training Accuracy: 99.536%
[63,  1500] loss: 0.015
Epoch 63 Training Accuracy: 99.508%
[64,  1500] loss: 0.009
Epoch 64 Training Accuracy: 99.726%
[65,  1500] loss: 0.010
Epoch 65 Training Accuracy: 99.678%
[66,  1500] loss: 0.012
Epoch 66 Training Accuracy: 99.634%
[67,  1500] loss: 0.008
Epoch 67 Training Accuracy: 99.746%
[68,  1500] loss: 0.010
Epoch 68 Training Accuracy: 99.662%
[69,  1500] loss: 0.009
Epoch 69 Training Accuracy: 99.688%
[70,  1500] loss: 0.008
Epoch 70 Training Accuracy: 99.758%
[71,  1500] loss: 0.009
Epoch 71 Training Accuracy: 99.708%
[72,  1500] loss: 0.009
Epoch 72 Training Accuracy: 99.708%
[73,  1500] loss: 0.008
Epoch 73 Training Accuracy: 99.73%
[74,  1500] loss: 0.009
Epoch 74 Training Accuracy: 99.686%
[75,  1500] loss: 0.008
Epoch 75 Training Accuracy: 99.748%
[76,  1500] loss: 0.009
Epoch 76 Training Accuracy: 99.686%
[77,  1500] loss: 0.009
Epoch 77 Training Accuracy: 99.674%
[78,  1500] loss: 0.013
Epoch 78 Training Accuracy: 99.598%
[79,  1500] loss: 0.010
Epoch 79 Training Accuracy: 99.68%
[80,  1500] loss: 0.011
Epoch 80 Training Accuracy: 99.63%
[81,  1500] loss: 0.010
Epoch 81 Training Accuracy: 99.662%
[82,  1500] loss: 0.009
Epoch 82 Training Accuracy: 99.704%
[83,  1500] loss: 0.009
Epoch 83 Training Accuracy: 99.746%
[84,  1500] loss: 0.006
Epoch 84 Training Accuracy: 99.782%
[85,  1500] loss: 0.007
Epoch 85 Training Accuracy: 99.75%
[86,  1500] loss: 0.011
Epoch 86 Training Accuracy: 99.65%
[87,  1500] loss: 0.009
Epoch 87 Training Accuracy: 99.682%
[88,  1500] loss: 0.009
Epoch 88 Training Accuracy: 99.692%
[89,  1500] loss: 0.008
Epoch 89 Training Accuracy: 99.722%
[90,  1500] loss: 0.008
Epoch 90 Training Accuracy: 99.746%
[91,  1500] loss: 0.006
Epoch 91 Training Accuracy: 99.818%
[92,  1500] loss: 0.007
Epoch 92 Training Accuracy: 99.74%
[93,  1500] loss: 0.008
Epoch 93 Training Accuracy: 99.734%
[94,  1500] loss: 0.008
Epoch 94 Training Accuracy: 99.748%
[95,  1500] loss: 0.005
Epoch 95 Training Accuracy: 99.824%
[96,  1500] loss: 0.006
Epoch 96 Training Accuracy: 99.812%
[97,  1500] loss: 0.004
Epoch 97 Training Accuracy: 99.856%
[98,  1500] loss: 0.003
Epoch 98 Training Accuracy: 99.916%
[99,  1500] loss: 0.005
Epoch 99 Training Accuracy: 99.858%
[100,  1500] loss: 0.008
Epoch 100 Training Accuracy: 99.736%
Finished Training
Training Time : 4337.638673067093
Final Training Loss: 0.0003917940423066584
Final Training Accuracy: 99.736%
Memory used for training: 2247656 Bytes
Saving the model as ResNet_CIFAR10_1GPUs.pth
cuda:0
Files already downloaded and verified
Files already downloaded and verified
Test Accuracy: 72.23%
Test Loss: 2.0445260717845954
