cuda:0
Files already downloaded and verified
Files already downloaded and verified
Let's use 2 GPUs!
Number of GPUS :2
Epoch 1 Training Accuracy: 36.102%
Epoch 2 Training Accuracy: 40.136%
Epoch 3 Training Accuracy: 41.088%
Epoch 4 Training Accuracy: 41.686%
Epoch 5 Training Accuracy: 42.206%
Epoch 6 Training Accuracy: 42.45%
Epoch 7 Training Accuracy: 42.736%
Epoch 8 Training Accuracy: 43.044%
Epoch 9 Training Accuracy: 43.122%
Epoch 10 Training Accuracy: 43.374%
Epoch 11 Training Accuracy: 43.414%
Epoch 12 Training Accuracy: 43.208%
Epoch 13 Training Accuracy: 43.682%
Epoch 14 Training Accuracy: 43.582%
Epoch 15 Training Accuracy: 43.822%
Epoch 16 Training Accuracy: 43.784%
Epoch 17 Training Accuracy: 43.95%
Epoch 18 Training Accuracy: 44.038%
Epoch 19 Training Accuracy: 43.862%
Epoch 20 Training Accuracy: 44.11%
Epoch 21 Training Accuracy: 44.208%
Epoch 22 Training Accuracy: 44.44%
Epoch 23 Training Accuracy: 44.228%
Epoch 24 Training Accuracy: 44.418%
Epoch 25 Training Accuracy: 44.236%
Epoch 26 Training Accuracy: 44.308%
Epoch 27 Training Accuracy: 44.42%
Epoch 28 Training Accuracy: 44.552%
Epoch 29 Training Accuracy: 44.428%
Epoch 30 Training Accuracy: 44.594%
Epoch 31 Training Accuracy: 44.72%
Epoch 32 Training Accuracy: 44.808%
Epoch 33 Training Accuracy: 44.82%
Epoch 34 Training Accuracy: 44.734%
Epoch 35 Training Accuracy: 44.822%
Epoch 36 Training Accuracy: 44.826%
Epoch 37 Training Accuracy: 44.808%
Epoch 38 Training Accuracy: 45.15%
Epoch 39 Training Accuracy: 45.036%
Epoch 40 Training Accuracy: 45.018%
Epoch 41 Training Accuracy: 44.822%
Epoch 42 Training Accuracy: 45.09%
Epoch 43 Training Accuracy: 45.014%
Epoch 44 Training Accuracy: 45.132%
Epoch 45 Training Accuracy: 45.114%
Epoch 46 Training Accuracy: 45.228%
Epoch 47 Training Accuracy: 45.356%
Epoch 48 Training Accuracy: 45.126%
Epoch 49 Training Accuracy: 45.15%
Epoch 50 Training Accuracy: 45.306%
Finished Training
Training Time : 791.3302171230316
Final Training Loss: 1.6143454270594566
Final Training Accuracy: 45.306%
Memory used for training: 3002978 Bytes
Saving the model as LogisticRegression_CIFAR10_2GPUs.pth
cuda:0
Files already downloaded and verified
Files already downloaded and verified
Let's use 2 GPUs!
Test Accuracy: 40.2%
Test Loss: 1.7434848531795915
