cuda:0
Files already downloaded and verified
Files already downloaded and verified
Number of GPUS :1
[1,  1500] loss: 2.186
Epoch 1 Training Accuracy: 19.222%
[2,  1500] loss: 1.744
Epoch 2 Training Accuracy: 37.304%
[3,  1500] loss: 1.497
Epoch 3 Training Accuracy: 45.812%
[4,  1500] loss: 1.367
Epoch 4 Training Accuracy: 50.892%
[5,  1500] loss: 1.256
Epoch 5 Training Accuracy: 55.158%
[6,  1500] loss: 1.164
Epoch 6 Training Accuracy: 58.776%
[7,  1500] loss: 1.087
Epoch 7 Training Accuracy: 61.588%
[8,  1500] loss: 1.012
Epoch 8 Training Accuracy: 64.192%
[9,  1500] loss: 0.951
Epoch 9 Training Accuracy: 66.534%
[10,  1500] loss: 0.896
Epoch 10 Training Accuracy: 68.534%
[11,  1500] loss: 0.846
Epoch 11 Training Accuracy: 70.29%
[12,  1500] loss: 0.803
Epoch 12 Training Accuracy: 71.872%
[13,  1500] loss: 0.760
Epoch 13 Training Accuracy: 73.384%
[14,  1500] loss: 0.718
Epoch 14 Training Accuracy: 74.93%
[15,  1500] loss: 0.683
Epoch 15 Training Accuracy: 76.062%
[16,  1500] loss: 0.644
Epoch 16 Training Accuracy: 77.45%
[17,  1500] loss: 0.611
Epoch 17 Training Accuracy: 78.612%
[18,  1500] loss: 0.582
Epoch 18 Training Accuracy: 79.682%
[19,  1500] loss: 0.549
Epoch 19 Training Accuracy: 80.84%
[20,  1500] loss: 0.515
Epoch 20 Training Accuracy: 82.096%
[21,  1500] loss: 0.490
Epoch 21 Training Accuracy: 82.822%
[22,  1500] loss: 0.462
Epoch 22 Training Accuracy: 83.752%
[23,  1500] loss: 0.433
Epoch 23 Training Accuracy: 84.694%
[24,  1500] loss: 0.403
Epoch 24 Training Accuracy: 85.79%
[25,  1500] loss: 0.375
Epoch 25 Training Accuracy: 86.774%
[26,  1500] loss: 0.351
Epoch 26 Training Accuracy: 87.656%
[27,  1500] loss: 0.325
Epoch 27 Training Accuracy: 88.68%
[28,  1500] loss: 0.306
Epoch 28 Training Accuracy: 89.122%
[29,  1500] loss: 0.277
Epoch 29 Training Accuracy: 90.254%
[30,  1500] loss: 0.255
Epoch 30 Training Accuracy: 91.082%
[31,  1500] loss: 0.229
Epoch 31 Training Accuracy: 91.888%
[32,  1500] loss: 0.210
Epoch 32 Training Accuracy: 92.666%
[33,  1500] loss: 0.191
Epoch 33 Training Accuracy: 93.276%
[34,  1500] loss: 0.174
Epoch 34 Training Accuracy: 93.912%
[35,  1500] loss: 0.158
Epoch 35 Training Accuracy: 94.424%
[36,  1500] loss: 0.141
Epoch 36 Training Accuracy: 95.028%
[37,  1500] loss: 0.129
Epoch 37 Training Accuracy: 95.508%
[38,  1500] loss: 0.123
Epoch 38 Training Accuracy: 95.61%
[39,  1500] loss: 0.107
Epoch 39 Training Accuracy: 96.124%
[40,  1500] loss: 0.109
Epoch 40 Training Accuracy: 96.118%
[41,  1500] loss: 0.080
Epoch 41 Training Accuracy: 97.358%
[42,  1500] loss: 0.079
Epoch 42 Training Accuracy: 97.324%
[43,  1500] loss: 0.074
Epoch 43 Training Accuracy: 97.426%
[44,  1500] loss: 0.077
Epoch 44 Training Accuracy: 97.31%
[45,  1500] loss: 0.066
Epoch 45 Training Accuracy: 97.682%
[46,  1500] loss: 0.083
Epoch 46 Training Accuracy: 97.038%
[47,  1500] loss: 0.063
Epoch 47 Training Accuracy: 97.816%
[48,  1500] loss: 0.056
Epoch 48 Training Accuracy: 98.124%
[49,  1500] loss: 0.063
Epoch 49 Training Accuracy: 97.932%
[50,  1500] loss: 0.037
Epoch 50 Training Accuracy: 98.814%
Finished Training
Training Time : 952.7564442157745
Final Training Loss: 0.001995033979289572
Final Training Accuracy: 98.814%
Memory used for training: 2189690 Bytes
Saving the model as CNN_CIFAR10_1GPUs.pth
cuda:0
Files already downloaded and verified
Files already downloaded and verified
Test Accuracy: 70.05%
Test Loss: 2.166242057808672
