cuda:0
Files already downloaded and verified
Files already downloaded and verified
Number of GPUS :1
[1,  1500] loss: 1.828
Epoch 1 Training Accuracy: 36.652%
[2,  1500] loss: 1.746
Epoch 2 Training Accuracy: 39.872%
[3,  1500] loss: 1.722
Epoch 3 Training Accuracy: 40.818%
[4,  1500] loss: 1.707
Epoch 4 Training Accuracy: 41.466%
[5,  1500] loss: 1.697
Epoch 5 Training Accuracy: 41.842%
[6,  1500] loss: 1.690
Epoch 6 Training Accuracy: 42.292%
[7,  1500] loss: 1.682
Epoch 7 Training Accuracy: 42.304%
[8,  1500] loss: 1.679
Epoch 8 Training Accuracy: 42.48%
[9,  1500] loss: 1.676
Epoch 9 Training Accuracy: 42.608%
[10,  1500] loss: 1.672
Epoch 10 Training Accuracy: 42.758%
[11,  1500] loss: 1.666
Epoch 11 Training Accuracy: 43.044%
[12,  1500] loss: 1.666
Epoch 12 Training Accuracy: 43.098%
[13,  1500] loss: 1.661
Epoch 13 Training Accuracy: 43.332%
[14,  1500] loss: 1.659
Epoch 14 Training Accuracy: 43.45%
[15,  1500] loss: 1.658
Epoch 15 Training Accuracy: 43.5%
[16,  1500] loss: 1.653
Epoch 16 Training Accuracy: 43.4%
[17,  1500] loss: 1.654
Epoch 17 Training Accuracy: 43.552%
[18,  1500] loss: 1.651
Epoch 18 Training Accuracy: 43.8%
[19,  1500] loss: 1.649
Epoch 19 Training Accuracy: 43.838%
[20,  1500] loss: 1.648
Epoch 20 Training Accuracy: 43.718%
[21,  1500] loss: 1.645
Epoch 21 Training Accuracy: 43.856%
[22,  1500] loss: 1.644
Epoch 22 Training Accuracy: 43.912%
[23,  1500] loss: 1.643
Epoch 23 Training Accuracy: 44.056%
[24,  1500] loss: 1.642
Epoch 24 Training Accuracy: 44.044%
[25,  1500] loss: 1.641
Epoch 25 Training Accuracy: 44.136%
[26,  1500] loss: 1.638
Epoch 26 Training Accuracy: 44.192%
[27,  1500] loss: 1.637
Epoch 27 Training Accuracy: 44.174%
[28,  1500] loss: 1.636
Epoch 28 Training Accuracy: 44.106%
[29,  1500] loss: 1.636
Epoch 29 Training Accuracy: 44.06%
[30,  1500] loss: 1.636
Epoch 30 Training Accuracy: 44.328%
[31,  1500] loss: 1.629
Epoch 31 Training Accuracy: 44.298%
[32,  1500] loss: 1.631
Epoch 32 Training Accuracy: 44.276%
[33,  1500] loss: 1.629
Epoch 33 Training Accuracy: 44.3%
[34,  1500] loss: 1.630
Epoch 34 Training Accuracy: 44.296%
[35,  1500] loss: 1.629
Epoch 35 Training Accuracy: 44.556%
[36,  1500] loss: 1.627
Epoch 36 Training Accuracy: 44.596%
[37,  1500] loss: 1.627
Epoch 37 Training Accuracy: 44.356%
[38,  1500] loss: 1.624
Epoch 38 Training Accuracy: 44.516%
[39,  1500] loss: 1.623
Epoch 39 Training Accuracy: 44.634%
[40,  1500] loss: 1.624
Epoch 40 Training Accuracy: 44.71%
[41,  1500] loss: 1.623
Epoch 41 Training Accuracy: 44.604%
[42,  1500] loss: 1.623
Epoch 42 Training Accuracy: 44.562%
[43,  1500] loss: 1.623
Epoch 43 Training Accuracy: 44.546%
[44,  1500] loss: 1.619
Epoch 44 Training Accuracy: 44.67%
[45,  1500] loss: 1.620
Epoch 45 Training Accuracy: 44.718%
[46,  1500] loss: 1.619
Epoch 46 Training Accuracy: 44.842%
[47,  1500] loss: 1.620
Epoch 47 Training Accuracy: 44.956%
[48,  1500] loss: 1.614
Epoch 48 Training Accuracy: 44.934%
[49,  1500] loss: 1.615
Epoch 49 Training Accuracy: 44.958%
[50,  1500] loss: 1.616
Epoch 50 Training Accuracy: 44.876%
[51,  1500] loss: 1.615
Epoch 51 Training Accuracy: 45.166%
[52,  1500] loss: 1.612
Epoch 52 Training Accuracy: 44.988%
[53,  1500] loss: 1.614
Epoch 53 Training Accuracy: 44.936%
[54,  1500] loss: 1.613
Epoch 54 Training Accuracy: 44.93%
[55,  1500] loss: 1.612
Epoch 55 Training Accuracy: 45.004%
[56,  1500] loss: 1.613
Epoch 56 Training Accuracy: 45.086%
[57,  1500] loss: 1.610
Epoch 57 Training Accuracy: 45.18%
[58,  1500] loss: 1.612
Epoch 58 Training Accuracy: 45.03%
[59,  1500] loss: 1.609
Epoch 59 Training Accuracy: 44.934%
[60,  1500] loss: 1.611
Epoch 60 Training Accuracy: 45.072%
[61,  1500] loss: 1.609
Epoch 61 Training Accuracy: 45.004%
[62,  1500] loss: 1.611
Epoch 62 Training Accuracy: 45.108%
[63,  1500] loss: 1.607
Epoch 63 Training Accuracy: 45.158%
[64,  1500] loss: 1.607
Epoch 64 Training Accuracy: 45.044%
[65,  1500] loss: 1.605
Epoch 65 Training Accuracy: 45.224%
[66,  1500] loss: 1.605
Epoch 66 Training Accuracy: 45.448%
[67,  1500] loss: 1.605
Epoch 67 Training Accuracy: 45.398%
[68,  1500] loss: 1.609
Epoch 68 Training Accuracy: 45.128%
[69,  1500] loss: 1.605
Epoch 69 Training Accuracy: 45.312%
[70,  1500] loss: 1.604
Epoch 70 Training Accuracy: 45.208%
[71,  1500] loss: 1.605
Epoch 71 Training Accuracy: 45.29%
[72,  1500] loss: 1.602
Epoch 72 Training Accuracy: 45.448%
[73,  1500] loss: 1.603
Epoch 73 Training Accuracy: 45.366%
[74,  1500] loss: 1.604
Epoch 74 Training Accuracy: 45.44%
[75,  1500] loss: 1.604
Epoch 75 Training Accuracy: 45.252%
[76,  1500] loss: 1.602
Epoch 76 Training Accuracy: 45.492%
[77,  1500] loss: 1.601
Epoch 77 Training Accuracy: 45.434%
[78,  1500] loss: 1.598
Epoch 78 Training Accuracy: 45.55%
[79,  1500] loss: 1.603
Epoch 79 Training Accuracy: 45.146%
[80,  1500] loss: 1.599
Epoch 80 Training Accuracy: 45.588%
[81,  1500] loss: 1.599
Epoch 81 Training Accuracy: 45.59%
[82,  1500] loss: 1.598
Epoch 82 Training Accuracy: 45.336%
[83,  1500] loss: 1.598
Epoch 83 Training Accuracy: 45.632%
[84,  1500] loss: 1.596
Epoch 84 Training Accuracy: 45.63%
[85,  1500] loss: 1.597
Epoch 85 Training Accuracy: 45.596%
[86,  1500] loss: 1.597
Epoch 86 Training Accuracy: 45.58%
[87,  1500] loss: 1.596
Epoch 87 Training Accuracy: 45.58%
[88,  1500] loss: 1.594
Epoch 88 Training Accuracy: 45.462%
[89,  1500] loss: 1.595
Epoch 89 Training Accuracy: 45.456%
[90,  1500] loss: 1.596
Epoch 90 Training Accuracy: 45.556%
[91,  1500] loss: 1.595
Epoch 91 Training Accuracy: 45.506%
[92,  1500] loss: 1.595
Epoch 92 Training Accuracy: 45.66%
[93,  1500] loss: 1.592
Epoch 93 Training Accuracy: 45.812%
[94,  1500] loss: 1.593
Epoch 94 Training Accuracy: 45.604%
[95,  1500] loss: 1.593
Epoch 95 Training Accuracy: 45.706%
[96,  1500] loss: 1.594
Epoch 96 Training Accuracy: 45.71%
[97,  1500] loss: 1.592
Epoch 97 Training Accuracy: 45.666%
[98,  1500] loss: 1.592
Epoch 98 Training Accuracy: 45.488%
[99,  1500] loss: 1.591
Epoch 99 Training Accuracy: 45.548%
[100,  1500] loss: 1.590
Epoch 100 Training Accuracy: 45.77%
Finished Training
Training Time : 1683.811407327652
Final Training Loss: 0.06620321102959943
Final Training Accuracy: 45.77%
Memory used for training: 2187147 Bytes
Saving the model as LogisticRegression_CIFAR10_1GPUs.pth
cuda:0
Files already downloaded and verified
Files already downloaded and verified
Test Accuracy: 38.07%
Test Loss: 1.798534310663851
