cuda:0
Files already downloaded and verified
Files already downloaded and verified
Number of GPUS :1
[1,  1500] loss: 3.949
Epoch 1 Training Accuracy: 12.618%
[2,  1500] loss: 3.704
Epoch 2 Training Accuracy: 17.332%
[3,  1500] loss: 3.617
Epoch 3 Training Accuracy: 19.062%
[4,  1500] loss: 3.560
Epoch 4 Training Accuracy: 20.146%
[5,  1500] loss: 3.517
Epoch 5 Training Accuracy: 21.11%
[6,  1500] loss: 3.481
Epoch 6 Training Accuracy: 21.862%
[7,  1500] loss: 3.452
Epoch 7 Training Accuracy: 22.238%
[8,  1500] loss: 3.420
Epoch 8 Training Accuracy: 22.862%
[9,  1500] loss: 3.397
Epoch 9 Training Accuracy: 23.396%
[10,  1500] loss: 3.374
Epoch 10 Training Accuracy: 23.724%
[11,  1500] loss: 3.356
Epoch 11 Training Accuracy: 24.13%
[12,  1500] loss: 3.337
Epoch 12 Training Accuracy: 24.57%
[13,  1500] loss: 3.317
Epoch 13 Training Accuracy: 24.738%
[14,  1500] loss: 3.302
Epoch 14 Training Accuracy: 25.086%
[15,  1500] loss: 3.285
Epoch 15 Training Accuracy: 25.432%
[16,  1500] loss: 3.274
Epoch 16 Training Accuracy: 25.716%
[17,  1500] loss: 3.258
Epoch 17 Training Accuracy: 25.812%
[18,  1500] loss: 3.242
Epoch 18 Training Accuracy: 26.324%
[19,  1500] loss: 3.234
Epoch 19 Training Accuracy: 26.48%
[20,  1500] loss: 3.221
Epoch 20 Training Accuracy: 26.722%
[21,  1500] loss: 3.212
Epoch 21 Training Accuracy: 26.76%
[22,  1500] loss: 3.200
Epoch 22 Training Accuracy: 27.202%
[23,  1500] loss: 3.187
Epoch 23 Training Accuracy: 27.274%
[24,  1500] loss: 3.179
Epoch 24 Training Accuracy: 27.472%
[25,  1500] loss: 3.168
Epoch 25 Training Accuracy: 27.632%
[26,  1500] loss: 3.164
Epoch 26 Training Accuracy: 27.778%
[27,  1500] loss: 3.154
Epoch 27 Training Accuracy: 28.184%
[28,  1500] loss: 3.144
Epoch 28 Training Accuracy: 28.288%
[29,  1500] loss: 3.133
Epoch 29 Training Accuracy: 28.442%
[30,  1500] loss: 3.122
Epoch 30 Training Accuracy: 28.664%
[31,  1500] loss: 3.118
Epoch 31 Training Accuracy: 28.66%
[32,  1500] loss: 3.109
Epoch 32 Training Accuracy: 28.954%
[33,  1500] loss: 3.103
Epoch 33 Training Accuracy: 28.906%
[34,  1500] loss: 3.096
Epoch 34 Training Accuracy: 29.272%
[35,  1500] loss: 3.088
Epoch 35 Training Accuracy: 29.33%
[36,  1500] loss: 3.077
Epoch 36 Training Accuracy: 29.472%
[37,  1500] loss: 3.072
Epoch 37 Training Accuracy: 29.562%
[38,  1500] loss: 3.065
Epoch 38 Training Accuracy: 29.798%
[39,  1500] loss: 3.063
Epoch 39 Training Accuracy: 29.788%
[40,  1500] loss: 3.053
Epoch 40 Training Accuracy: 29.96%
[41,  1500] loss: 3.045
Epoch 41 Training Accuracy: 30.138%
[42,  1500] loss: 3.041
Epoch 42 Training Accuracy: 30.18%
[43,  1500] loss: 3.035
Epoch 43 Training Accuracy: 30.358%
[44,  1500] loss: 3.030
Epoch 44 Training Accuracy: 30.496%
[45,  1500] loss: 3.023
Epoch 45 Training Accuracy: 30.646%
[46,  1500] loss: 3.019
Epoch 46 Training Accuracy: 30.722%
[47,  1500] loss: 3.011
Epoch 47 Training Accuracy: 30.754%
[48,  1500] loss: 3.008
Epoch 48 Training Accuracy: 30.936%
[49,  1500] loss: 3.004
Epoch 49 Training Accuracy: 31.072%
[50,  1500] loss: 2.997
Epoch 50 Training Accuracy: 31.256%
Finished Training
Training Time : 1010.620630979538
Final Training Loss: 0.12080239563207938
Final Training Accuracy: 31.256%
Memory used for training: 2190832 Bytes
Saving the model as LogisticRegression_CIFAR100_1GPUs.pth
cuda:0
Files already downloaded and verified
Files already downloaded and verified
Test Accuracy: 17.73%
Test Loss: 3.7663491221662526
