cuda:0
Files already downloaded and verified
Files already downloaded and verified
Let's use 2 GPUs!
Number of GPUS :2
Epoch 1 Training Accuracy: 9.336%
Epoch 2 Training Accuracy: 17.598%
Epoch 3 Training Accuracy: 22.922%
Epoch 4 Training Accuracy: 27.62%
Epoch 5 Training Accuracy: 31.858%
Epoch 6 Training Accuracy: 35.984%
Epoch 7 Training Accuracy: 40.116%
Epoch 8 Training Accuracy: 43.6%
Epoch 9 Training Accuracy: 47.416%
Epoch 10 Training Accuracy: 50.936%
Epoch 11 Training Accuracy: 54.526%
Epoch 12 Training Accuracy: 58.134%
Epoch 13 Training Accuracy: 61.602%
Epoch 14 Training Accuracy: 65.066%
Epoch 15 Training Accuracy: 68.498%
Epoch 16 Training Accuracy: 71.5%
Epoch 17 Training Accuracy: 74.566%
Epoch 18 Training Accuracy: 77.368%
Epoch 19 Training Accuracy: 79.784%
Epoch 20 Training Accuracy: 82.162%
Epoch 21 Training Accuracy: 83.702%
Epoch 22 Training Accuracy: 85.808%
Epoch 23 Training Accuracy: 88.196%
Epoch 24 Training Accuracy: 88.89%
Epoch 25 Training Accuracy: 90.364%
Epoch 26 Training Accuracy: 91.436%
Epoch 27 Training Accuracy: 92.098%
Epoch 28 Training Accuracy: 93.296%
Epoch 29 Training Accuracy: 93.584%
Epoch 30 Training Accuracy: 94.338%
Finished Training
Training Time : 2894.361871957779
Final Training Loss: 0.18762370341402643
Final Training Accuracy: 94.338%
Memory used for training: 2933340 Bytes
Saving the model as ResNet_CIFAR100_2GPUs.pth
cuda:0
Files already downloaded and verified
Files already downloaded and verified
Let's use 2 GPUs!
Test Accuracy: 36.58%
Test Loss: 3.9430969459995344
