cuda:0
Files already downloaded and verified
Files already downloaded and verified
Let's use 4 GPUs!
Number of GPUS :4
Epoch 1 Training Accuracy: 1.034%
Epoch 2 Training Accuracy: 1.254%
Epoch 3 Training Accuracy: 1.768%
Epoch 4 Training Accuracy: 1.844%
Epoch 5 Training Accuracy: 1.95%
Epoch 6 Training Accuracy: 1.97%
Epoch 7 Training Accuracy: 3.546%
Epoch 8 Training Accuracy: 5.834%
Epoch 9 Training Accuracy: 7.824%
Epoch 10 Training Accuracy: 10.774%
Epoch 11 Training Accuracy: 12.662%
Epoch 12 Training Accuracy: 13.738%
Epoch 13 Training Accuracy: 15.022%
Epoch 14 Training Accuracy: 16.244%
Epoch 15 Training Accuracy: 17.376%
Epoch 16 Training Accuracy: 18.592%
Epoch 17 Training Accuracy: 19.54%
Epoch 18 Training Accuracy: 20.81%
Epoch 19 Training Accuracy: 21.624%
Epoch 20 Training Accuracy: 22.594%
Epoch 21 Training Accuracy: 23.488%
Epoch 22 Training Accuracy: 24.536%
Epoch 23 Training Accuracy: 25.316%
Epoch 24 Training Accuracy: 26.332%
Epoch 25 Training Accuracy: 27.15%
Epoch 26 Training Accuracy: 28.052%
Epoch 27 Training Accuracy: 28.916%
Epoch 28 Training Accuracy: 29.862%
Epoch 29 Training Accuracy: 30.712%
Epoch 30 Training Accuracy: 31.398%
Finished Training
Training Time : 736.2445840835571
Final Training Loss: 2.755715231151532
Final Training Accuracy: 31.398%
Memory used for training: 3112150 Bytes
Saving the model as CNN_CIFAR100_4GPUs.pth
cuda:0
Files already downloaded and verified
Files already downloaded and verified
Let's use 4 GPUs!
Test Accuracy: 28.86%
Test Loss: 2.9189055237589003
