cuda:0
Files already downloaded and verified
Files already downloaded and verified
Number of GPUS :1
[1,  1500] loss: 3.947
Epoch 1 Training Accuracy: 12.762%
[2,  1500] loss: 3.700
Epoch 2 Training Accuracy: 17.358%
[3,  1500] loss: 3.614
Epoch 3 Training Accuracy: 19.016%
[4,  1500] loss: 3.557
Epoch 4 Training Accuracy: 20.43%
[5,  1500] loss: 3.514
Epoch 5 Training Accuracy: 21.04%
[6,  1500] loss: 3.477
Epoch 6 Training Accuracy: 21.67%
[7,  1500] loss: 3.448
Epoch 7 Training Accuracy: 22.326%
[8,  1500] loss: 3.417
Epoch 8 Training Accuracy: 22.906%
[9,  1500] loss: 3.395
Epoch 9 Training Accuracy: 23.368%
[10,  1500] loss: 3.373
Epoch 10 Training Accuracy: 23.62%
[11,  1500] loss: 3.355
Epoch 11 Training Accuracy: 24.076%
[12,  1500] loss: 3.337
Epoch 12 Training Accuracy: 24.438%
[13,  1500] loss: 3.319
Epoch 13 Training Accuracy: 25.07%
[14,  1500] loss: 3.301
Epoch 14 Training Accuracy: 25.042%
[15,  1500] loss: 3.285
Epoch 15 Training Accuracy: 25.386%
[16,  1500] loss: 3.275
Epoch 16 Training Accuracy: 25.58%
[17,  1500] loss: 3.259
Epoch 17 Training Accuracy: 25.824%
[18,  1500] loss: 3.244
Epoch 18 Training Accuracy: 26.312%
[19,  1500] loss: 3.231
Epoch 19 Training Accuracy: 26.464%
[20,  1500] loss: 3.221
Epoch 20 Training Accuracy: 26.668%
[21,  1500] loss: 3.210
Epoch 21 Training Accuracy: 26.882%
[22,  1500] loss: 3.201
Epoch 22 Training Accuracy: 27.142%
[23,  1500] loss: 3.187
Epoch 23 Training Accuracy: 27.39%
[24,  1500] loss: 3.177
Epoch 24 Training Accuracy: 27.646%
[25,  1500] loss: 3.168
Epoch 25 Training Accuracy: 27.58%
[26,  1500] loss: 3.158
Epoch 26 Training Accuracy: 28.028%
[27,  1500] loss: 3.151
Epoch 27 Training Accuracy: 28.068%
[28,  1500] loss: 3.141
Epoch 28 Training Accuracy: 28.384%
[29,  1500] loss: 3.135
Epoch 29 Training Accuracy: 28.408%
[30,  1500] loss: 3.127
Epoch 30 Training Accuracy: 28.594%
Finished Training
Training Time : 499.3456814289093
Final Training Loss: 0.1242510448719398
Final Training Accuracy: 28.594%
Memory used for training: 2179238 Bytes
Saving the model as LogisticRegression_CIFAR100_1GPUs.pth
cuda:0
Files already downloaded and verified
Files already downloaded and verified
Test Accuracy: 17.65%
Test Loss: 3.7231879744666836
