cuda:0
Files already downloaded and verified
Files already downloaded and verified
Number of GPUS :1
[1,  1500] loss: 1.828
Epoch 1 Training Accuracy: 37.082%
[2,  1500] loss: 1.745
Epoch 2 Training Accuracy: 40.056%
[3,  1500] loss: 1.720
Epoch 3 Training Accuracy: 40.886%
[4,  1500] loss: 1.707
Epoch 4 Training Accuracy: 41.85%
[5,  1500] loss: 1.696
Epoch 5 Training Accuracy: 41.846%
[6,  1500] loss: 1.692
Epoch 6 Training Accuracy: 42.268%
[7,  1500] loss: 1.685
Epoch 7 Training Accuracy: 42.344%
[8,  1500] loss: 1.679
Epoch 8 Training Accuracy: 42.506%
[9,  1500] loss: 1.676
Epoch 9 Training Accuracy: 42.632%
[10,  1500] loss: 1.669
Epoch 10 Training Accuracy: 42.964%
[11,  1500] loss: 1.667
Epoch 11 Training Accuracy: 43.248%
[12,  1500] loss: 1.666
Epoch 12 Training Accuracy: 43.23%
[13,  1500] loss: 1.662
Epoch 13 Training Accuracy: 43.444%
[14,  1500] loss: 1.658
Epoch 14 Training Accuracy: 43.574%
[15,  1500] loss: 1.657
Epoch 15 Training Accuracy: 43.652%
[16,  1500] loss: 1.653
Epoch 16 Training Accuracy: 43.74%
[17,  1500] loss: 1.654
Epoch 17 Training Accuracy: 43.586%
[18,  1500] loss: 1.650
Epoch 18 Training Accuracy: 43.656%
[19,  1500] loss: 1.649
Epoch 19 Training Accuracy: 43.69%
[20,  1500] loss: 1.647
Epoch 20 Training Accuracy: 43.94%
[21,  1500] loss: 1.646
Epoch 21 Training Accuracy: 44.024%
[22,  1500] loss: 1.644
Epoch 22 Training Accuracy: 43.982%
[23,  1500] loss: 1.641
Epoch 23 Training Accuracy: 43.784%
[24,  1500] loss: 1.644
Epoch 24 Training Accuracy: 43.922%
[25,  1500] loss: 1.637
Epoch 25 Training Accuracy: 44.128%
[26,  1500] loss: 1.637
Epoch 26 Training Accuracy: 44.336%
[27,  1500] loss: 1.636
Epoch 27 Training Accuracy: 44.188%
[28,  1500] loss: 1.635
Epoch 28 Training Accuracy: 44.27%
[29,  1500] loss: 1.635
Epoch 29 Training Accuracy: 44.106%
[30,  1500] loss: 1.633
Epoch 30 Training Accuracy: 44.216%
Finished Training
Training Time : 509.0905227661133
Final Training Loss: 0.06597464708510074
Final Training Accuracy: 44.216%
Memory used for training: 2188294 Bytes
Saving the model as LogisticRegression_CIFAR10_1GPUs.pth
cuda:0
Files already downloaded and verified
Files already downloaded and verified
Test Accuracy: 39.66%
Test Loss: 1.7659221921865933
