cuda:0
Files already downloaded and verified
Files already downloaded and verified
Number of GPUS :1
[1,  1500] loss: 4.602
Epoch 1 Training Accuracy: 1.308%
[2,  1500] loss: 4.449
Epoch 2 Training Accuracy: 3.74%
[3,  1500] loss: 3.967
Epoch 3 Training Accuracy: 9.84%
[4,  1500] loss: 3.671
Epoch 4 Training Accuracy: 14.182%
[5,  1500] loss: 3.456
Epoch 5 Training Accuracy: 18.06%
[6,  1500] loss: 3.283
Epoch 6 Training Accuracy: 21.456%
[7,  1500] loss: 3.124
Epoch 7 Training Accuracy: 24.046%
[8,  1500] loss: 2.986
Epoch 8 Training Accuracy: 26.586%
[9,  1500] loss: 2.859
Epoch 9 Training Accuracy: 28.998%
[10,  1500] loss: 2.738
Epoch 10 Training Accuracy: 31.442%
[11,  1500] loss: 2.632
Epoch 11 Training Accuracy: 33.386%
[12,  1500] loss: 2.537
Epoch 12 Training Accuracy: 35.612%
[13,  1500] loss: 2.445
Epoch 13 Training Accuracy: 37.38%
[14,  1500] loss: 2.356
Epoch 14 Training Accuracy: 39.424%
[15,  1500] loss: 2.276
Epoch 15 Training Accuracy: 41.048%
[16,  1500] loss: 2.202
Epoch 16 Training Accuracy: 42.848%
[17,  1500] loss: 2.127
Epoch 17 Training Accuracy: 44.516%
[18,  1500] loss: 2.059
Epoch 18 Training Accuracy: 46.056%
[19,  1500] loss: 1.993
Epoch 19 Training Accuracy: 47.284%
[20,  1500] loss: 1.930
Epoch 20 Training Accuracy: 48.758%
[21,  1500] loss: 1.858
Epoch 21 Training Accuracy: 50.442%
[22,  1500] loss: 1.801
Epoch 22 Training Accuracy: 51.552%
[23,  1500] loss: 1.739
Epoch 23 Training Accuracy: 52.872%
[24,  1500] loss: 1.684
Epoch 24 Training Accuracy: 54.264%
[25,  1500] loss: 1.624
Epoch 25 Training Accuracy: 55.892%
[26,  1500] loss: 1.566
Epoch 26 Training Accuracy: 57.0%
[27,  1500] loss: 1.514
Epoch 27 Training Accuracy: 58.336%
[28,  1500] loss: 1.459
Epoch 28 Training Accuracy: 59.674%
[29,  1500] loss: 1.405
Epoch 29 Training Accuracy: 60.864%
[30,  1500] loss: 1.359
Epoch 30 Training Accuracy: 62.116%
[31,  1500] loss: 1.305
Epoch 31 Training Accuracy: 63.25%
[32,  1500] loss: 1.264
Epoch 32 Training Accuracy: 64.118%
[33,  1500] loss: 1.216
Epoch 33 Training Accuracy: 65.298%
[34,  1500] loss: 1.172
Epoch 34 Training Accuracy: 66.442%
[35,  1500] loss: 1.119
Epoch 35 Training Accuracy: 67.768%
[36,  1500] loss: 1.081
Epoch 36 Training Accuracy: 68.486%
[37,  1500] loss: 1.041
Epoch 37 Training Accuracy: 69.606%
[38,  1500] loss: 0.997
Epoch 38 Training Accuracy: 70.408%
[39,  1500] loss: 0.961
Epoch 39 Training Accuracy: 71.262%
[40,  1500] loss: 0.929
Epoch 40 Training Accuracy: 72.504%
[41,  1500] loss: 0.878
Epoch 41 Training Accuracy: 73.79%
[42,  1500] loss: 0.849
Epoch 42 Training Accuracy: 74.344%
[43,  1500] loss: 0.821
Epoch 43 Training Accuracy: 74.962%
[44,  1500] loss: 0.785
Epoch 44 Training Accuracy: 75.8%
[45,  1500] loss: 0.755
Epoch 45 Training Accuracy: 76.778%
[46,  1500] loss: 0.721
Epoch 46 Training Accuracy: 77.59%
[47,  1500] loss: 0.698
Epoch 47 Training Accuracy: 77.932%
[48,  1500] loss: 0.671
Epoch 48 Training Accuracy: 78.826%
[49,  1500] loss: 0.637
Epoch 49 Training Accuracy: 79.922%
[50,  1500] loss: 0.624
Epoch 50 Training Accuracy: 80.322%
Finished Training
Training Time : 854.1463408470154
Final Training Loss: 0.030268992282454967
Final Training Accuracy: 80.322%
Memory used for training: 2187582 Bytes
Saving the model as CNN_CIFAR100_1GPUs.pth
cuda:0
Files already downloaded and verified
Files already downloaded and verified
Test Accuracy: 37.06%
Test Loss: 4.3016409896814025
