cuda:0
Files already downloaded and verified
Files already downloaded and verified
Let's use 4 GPUs!
Number of GPUS :4
Epoch 1 Training Accuracy: 34.406%
Epoch 2 Training Accuracy: 46.888%
Epoch 3 Training Accuracy: 52.808%
Epoch 4 Training Accuracy: 57.888%
Epoch 5 Training Accuracy: 61.794%
Epoch 6 Training Accuracy: 64.874%
Epoch 7 Training Accuracy: 68.08%
Epoch 8 Training Accuracy: 71.024%
Epoch 9 Training Accuracy: 74.282%
Epoch 10 Training Accuracy: 76.472%
Epoch 11 Training Accuracy: 78.884%
Epoch 12 Training Accuracy: 81.132%
Epoch 13 Training Accuracy: 83.062%
Epoch 14 Training Accuracy: 85.17%
Epoch 15 Training Accuracy: 86.65%
Epoch 16 Training Accuracy: 88.24%
Epoch 17 Training Accuracy: 89.04%
Epoch 18 Training Accuracy: 91.094%
Epoch 19 Training Accuracy: 91.624%
Epoch 20 Training Accuracy: 92.52%
Epoch 21 Training Accuracy: 93.164%
Epoch 22 Training Accuracy: 93.99%
Epoch 23 Training Accuracy: 94.49%
Epoch 24 Training Accuracy: 95.036%
Epoch 25 Training Accuracy: 95.338%
Epoch 26 Training Accuracy: 95.87%
Epoch 27 Training Accuracy: 96.254%
Epoch 28 Training Accuracy: 96.674%
Epoch 29 Training Accuracy: 96.87%
Epoch 30 Training Accuracy: 96.96%
Finished Training
Training Time : 2158.397845506668
Final Training Loss: 0.08611623166352891
Final Training Accuracy: 96.96%
Memory used for training: 3186801 Bytes
Saving the model as ResNet_CIFAR10_4GPUs.pth
cuda:0
Files already downloaded and verified
Files already downloaded and verified
Let's use 4 GPUs!
Test Accuracy: 64.63%
Test Loss: 1.8007585368578947
