cuda:0
Files already downloaded and verified
Files already downloaded and verified
Let's use 4 GPUs!
Number of GPUS :4
Epoch 1 Training Accuracy: 9.092%
Epoch 2 Training Accuracy: 14.44%
Epoch 3 Training Accuracy: 16.156%
Epoch 4 Training Accuracy: 17.184%
Epoch 5 Training Accuracy: 18.044%
Epoch 6 Training Accuracy: 18.88%
Epoch 7 Training Accuracy: 19.28%
Epoch 8 Training Accuracy: 19.92%
Epoch 9 Training Accuracy: 20.238%
Epoch 10 Training Accuracy: 20.522%
Epoch 11 Training Accuracy: 21.07%
Epoch 12 Training Accuracy: 21.252%
Epoch 13 Training Accuracy: 21.506%
Epoch 14 Training Accuracy: 21.842%
Epoch 15 Training Accuracy: 22.106%
Epoch 16 Training Accuracy: 22.304%
Epoch 17 Training Accuracy: 22.46%
Epoch 18 Training Accuracy: 22.754%
Epoch 19 Training Accuracy: 22.81%
Epoch 20 Training Accuracy: 23.086%
Epoch 21 Training Accuracy: 23.244%
Epoch 22 Training Accuracy: 23.464%
Epoch 23 Training Accuracy: 23.676%
Epoch 24 Training Accuracy: 23.83%
Epoch 25 Training Accuracy: 23.904%
Epoch 26 Training Accuracy: 24.016%
Epoch 27 Training Accuracy: 24.086%
Epoch 28 Training Accuracy: 24.256%
Epoch 29 Training Accuracy: 24.35%
Epoch 30 Training Accuracy: 24.646%
Epoch 31 Training Accuracy: 24.598%
Epoch 32 Training Accuracy: 24.748%
Epoch 33 Training Accuracy: 24.762%
Epoch 34 Training Accuracy: 25.036%
Epoch 35 Training Accuracy: 25.152%
Epoch 36 Training Accuracy: 25.144%
Epoch 37 Training Accuracy: 25.37%
Epoch 38 Training Accuracy: 25.398%
Epoch 39 Training Accuracy: 25.54%
Epoch 40 Training Accuracy: 25.662%
Epoch 41 Training Accuracy: 25.674%
Epoch 42 Training Accuracy: 25.774%
Epoch 43 Training Accuracy: 25.74%
Epoch 44 Training Accuracy: 26.024%
Epoch 45 Training Accuracy: 26.056%
Epoch 46 Training Accuracy: 26.176%
Epoch 47 Training Accuracy: 26.246%
Epoch 48 Training Accuracy: 26.316%
Epoch 49 Training Accuracy: 26.442%
Epoch 50 Training Accuracy: 26.51%
Finished Training
Training Time : 750.2217390537262
Final Training Loss: 3.2612170886505596
Final Training Accuracy: 26.51%
Memory used for training: 2989221 Bytes
Saving the model as LogisticRegression_CIFAR100_4GPUs.pth
cuda:0
Files already downloaded and verified
Files already downloaded and verified
Let's use 4 GPUs!
Test Accuracy: 19.2%
Test Loss: 3.6550173125689542
