cuda:0
Files already downloaded and verified
Files already downloaded and verified
Let's use 4 GPUs!
Number of GPUS :4
Epoch 1 Training Accuracy: 32.28%
Epoch 2 Training Accuracy: 45.076%
Epoch 3 Training Accuracy: 51.306%
Epoch 4 Training Accuracy: 55.416%
Epoch 5 Training Accuracy: 59.492%
Epoch 6 Training Accuracy: 62.738%
Epoch 7 Training Accuracy: 65.854%
Epoch 8 Training Accuracy: 68.878%
Epoch 9 Training Accuracy: 71.504%
Epoch 10 Training Accuracy: 74.186%
Epoch 11 Training Accuracy: 76.882%
Epoch 12 Training Accuracy: 78.776%
Epoch 13 Training Accuracy: 81.138%
Epoch 14 Training Accuracy: 83.154%
Epoch 15 Training Accuracy: 84.926%
Epoch 16 Training Accuracy: 86.628%
Epoch 17 Training Accuracy: 88.212%
Epoch 18 Training Accuracy: 89.468%
Epoch 19 Training Accuracy: 90.326%
Epoch 20 Training Accuracy: 91.182%
Epoch 21 Training Accuracy: 92.32%
Epoch 22 Training Accuracy: 93.038%
Epoch 23 Training Accuracy: 93.598%
Epoch 24 Training Accuracy: 94.344%
Epoch 25 Training Accuracy: 94.67%
Epoch 26 Training Accuracy: 95.194%
Epoch 27 Training Accuracy: 95.768%
Epoch 28 Training Accuracy: 95.678%
Epoch 29 Training Accuracy: 96.104%
Epoch 30 Training Accuracy: 96.652%
Epoch 31 Training Accuracy: 96.54%
Epoch 32 Training Accuracy: 96.84%
Epoch 33 Training Accuracy: 97.14%
Epoch 34 Training Accuracy: 97.294%
Epoch 35 Training Accuracy: 97.21%
Epoch 36 Training Accuracy: 97.67%
Epoch 37 Training Accuracy: 97.676%
Epoch 38 Training Accuracy: 98.024%
Epoch 39 Training Accuracy: 98.158%
Epoch 40 Training Accuracy: 98.17%
Epoch 41 Training Accuracy: 98.136%
Epoch 42 Training Accuracy: 98.144%
Epoch 43 Training Accuracy: 98.308%
Epoch 44 Training Accuracy: 98.574%
Epoch 45 Training Accuracy: 98.534%
Epoch 46 Training Accuracy: 98.342%
Epoch 47 Training Accuracy: 98.68%
Epoch 48 Training Accuracy: 98.676%
Epoch 49 Training Accuracy: 98.812%
Epoch 50 Training Accuracy: 98.848%
Finished Training
Training Time : 3560.772973537445
Final Training Loss: 0.0343293705901555
Final Training Accuracy: 98.848%
Memory used for training: 3193924 Bytes
Saving the model as ResNet_CIFAR10_4GPUs.pth
cuda:0
Files already downloaded and verified
Files already downloaded and verified
Let's use 4 GPUs!
Test Accuracy: 65.24%
Test Loss: 1.9973182761216466
