cuda:0
Files already downloaded and verified
Files already downloaded and verified
Let's use 2 GPUs!
Number of GPUS :2
Epoch 1 Training Accuracy: 11.052%
Epoch 2 Training Accuracy: 16.178%
Epoch 3 Training Accuracy: 17.85%
Epoch 4 Training Accuracy: 19.04%
Epoch 5 Training Accuracy: 19.67%
Epoch 6 Training Accuracy: 20.582%
Epoch 7 Training Accuracy: 21.02%
Epoch 8 Training Accuracy: 21.526%
Epoch 9 Training Accuracy: 21.822%
Epoch 10 Training Accuracy: 22.348%
Epoch 11 Training Accuracy: 22.716%
Epoch 12 Training Accuracy: 23.014%
Epoch 13 Training Accuracy: 23.392%
Epoch 14 Training Accuracy: 23.574%
Epoch 15 Training Accuracy: 23.888%
Epoch 16 Training Accuracy: 23.93%
Epoch 17 Training Accuracy: 24.078%
Epoch 18 Training Accuracy: 24.658%
Epoch 19 Training Accuracy: 24.772%
Epoch 20 Training Accuracy: 25.024%
Epoch 21 Training Accuracy: 25.156%
Epoch 22 Training Accuracy: 25.464%
Epoch 23 Training Accuracy: 25.55%
Epoch 24 Training Accuracy: 25.716%
Epoch 25 Training Accuracy: 25.918%
Epoch 26 Training Accuracy: 25.942%
Epoch 27 Training Accuracy: 26.044%
Epoch 28 Training Accuracy: 26.41%
Epoch 29 Training Accuracy: 26.388%
Epoch 30 Training Accuracy: 26.776%
Finished Training
Training Time : 477.8386654853821
Final Training Loss: 3.2442566308828877
Final Training Accuracy: 26.776%
Memory used for training: 2978035 Bytes
Saving the model as LogisticRegression_CIFAR100_2GPUs.pth
cuda:0
Files already downloaded and verified
Files already downloaded and verified
Let's use 2 GPUs!
Test Accuracy: 18.93%
Test Loss: 3.6610391079240543
