cuda:0
Files already downloaded and verified
Files already downloaded and verified
Number of GPUS :1
[1,  1500] loss: 1.686
Epoch 1 Training Accuracy: 39.678%
[2,  1500] loss: 1.303
Epoch 2 Training Accuracy: 53.44%
[3,  1500] loss: 1.095
Epoch 3 Training Accuracy: 61.374%
[4,  1500] loss: 0.945
Epoch 4 Training Accuracy: 66.972%
[5,  1500] loss: 0.821
Epoch 5 Training Accuracy: 71.292%
[6,  1500] loss: 0.714
Epoch 6 Training Accuracy: 75.07%
[7,  1500] loss: 0.623
Epoch 7 Training Accuracy: 78.032%
[8,  1500] loss: 0.537
Epoch 8 Training Accuracy: 81.136%
[9,  1500] loss: 0.449
Epoch 9 Training Accuracy: 84.198%
[10,  1500] loss: 0.390
Epoch 10 Training Accuracy: 86.22%
[11,  1500] loss: 0.329
Epoch 11 Training Accuracy: 88.418%
[12,  1500] loss: 0.285
Epoch 12 Training Accuracy: 89.846%
[13,  1500] loss: 0.238
Epoch 13 Training Accuracy: 91.418%
[14,  1500] loss: 0.210
Epoch 14 Training Accuracy: 92.486%
[15,  1500] loss: 0.173
Epoch 15 Training Accuracy: 93.836%
[16,  1500] loss: 0.150
Epoch 16 Training Accuracy: 94.696%
[17,  1500] loss: 0.142
Epoch 17 Training Accuracy: 94.918%
[18,  1500] loss: 0.126
Epoch 18 Training Accuracy: 95.614%
[19,  1500] loss: 0.116
Epoch 19 Training Accuracy: 95.996%
[20,  1500] loss: 0.097
Epoch 20 Training Accuracy: 96.712%
[21,  1500] loss: 0.080
Epoch 21 Training Accuracy: 97.082%
[22,  1500] loss: 0.072
Epoch 22 Training Accuracy: 97.504%
[23,  1500] loss: 0.068
Epoch 23 Training Accuracy: 97.59%
[24,  1500] loss: 0.070
Epoch 24 Training Accuracy: 97.546%
[25,  1500] loss: 0.054
Epoch 25 Training Accuracy: 98.18%
[26,  1500] loss: 0.054
Epoch 26 Training Accuracy: 98.1%
[27,  1500] loss: 0.058
Epoch 27 Training Accuracy: 98.016%
[28,  1500] loss: 0.042
Epoch 28 Training Accuracy: 98.578%
[29,  1500] loss: 0.048
Epoch 29 Training Accuracy: 98.362%
[30,  1500] loss: 0.040
Epoch 30 Training Accuracy: 98.608%
Finished Training
Training Time : 1103.248853445053
Final Training Loss: 0.001567631034849072
Final Training Accuracy: 98.608%
Memory used for training: 2243439 Bytes
Saving the model as ResNet_CIFAR10_1GPUs.pth
cuda:0
Files already downloaded and verified
Files already downloaded and verified
Test Accuracy: 71.19%
Test Loss: 1.6162457379955835
