cuda:0
Files already downloaded and verified
Files already downloaded and verified
Let's use 4 GPUs!
Number of GPUS :4
Epoch 1 Training Accuracy: 11.796%
Epoch 2 Training Accuracy: 17.434%
Epoch 3 Training Accuracy: 24.412%
Epoch 4 Training Accuracy: 29.504%
Epoch 5 Training Accuracy: 34.026%
Epoch 6 Training Accuracy: 38.166%
Epoch 7 Training Accuracy: 41.666%
Epoch 8 Training Accuracy: 44.436%
Epoch 9 Training Accuracy: 46.732%
Epoch 10 Training Accuracy: 48.734%
Epoch 11 Training Accuracy: 50.122%
Epoch 12 Training Accuracy: 51.932%
Epoch 13 Training Accuracy: 53.23%
Epoch 14 Training Accuracy: 54.716%
Epoch 15 Training Accuracy: 56.064%
Epoch 16 Training Accuracy: 57.182%
Epoch 17 Training Accuracy: 58.376%
Epoch 18 Training Accuracy: 59.554%
Epoch 19 Training Accuracy: 60.278%
Epoch 20 Training Accuracy: 61.534%
Epoch 21 Training Accuracy: 62.426%
Epoch 22 Training Accuracy: 63.114%
Epoch 23 Training Accuracy: 64.108%
Epoch 24 Training Accuracy: 64.836%
Epoch 25 Training Accuracy: 65.404%
Epoch 26 Training Accuracy: 66.132%
Epoch 27 Training Accuracy: 66.806%
Epoch 28 Training Accuracy: 67.38%
Epoch 29 Training Accuracy: 68.056%
Epoch 30 Training Accuracy: 68.756%
Finished Training
Training Time : 736.4201650619507
Final Training Loss: 0.8955404936809979
Final Training Accuracy: 68.756%
Memory used for training: 3092712 Bytes
Saving the model as CNN_CIFAR10_4GPUs.pth
cuda:0
Files already downloaded and verified
Files already downloaded and verified
Let's use 4 GPUs!
Test Accuracy: 65.99%
Test Loss: 0.9658894629418096
