cuda:0
Files already downloaded and verified
Files already downloaded and verified
Let's use 2 GPUs!
Number of GPUS :2
Epoch 1 Training Accuracy: 1.02%
Epoch 2 Training Accuracy: 1.41%
Epoch 3 Training Accuracy: 2.264%
Epoch 4 Training Accuracy: 4.884%
Epoch 5 Training Accuracy: 9.406%
Epoch 6 Training Accuracy: 12.27%
Epoch 7 Training Accuracy: 14.538%
Epoch 8 Training Accuracy: 16.636%
Epoch 9 Training Accuracy: 18.16%
Epoch 10 Training Accuracy: 19.884%
Epoch 11 Training Accuracy: 21.602%
Epoch 12 Training Accuracy: 23.292%
Epoch 13 Training Accuracy: 24.654%
Epoch 14 Training Accuracy: 26.11%
Epoch 15 Training Accuracy: 27.508%
Epoch 16 Training Accuracy: 28.72%
Epoch 17 Training Accuracy: 30.04%
Epoch 18 Training Accuracy: 31.348%
Epoch 19 Training Accuracy: 32.714%
Epoch 20 Training Accuracy: 33.8%
Epoch 21 Training Accuracy: 35.208%
Epoch 22 Training Accuracy: 36.276%
Epoch 23 Training Accuracy: 37.288%
Epoch 24 Training Accuracy: 38.472%
Epoch 25 Training Accuracy: 39.57%
Epoch 26 Training Accuracy: 40.396%
Epoch 27 Training Accuracy: 41.47%
Epoch 28 Training Accuracy: 42.576%
Epoch 29 Training Accuracy: 43.33%
Epoch 30 Training Accuracy: 44.334%
Epoch 31 Training Accuracy: 45.566%
Epoch 32 Training Accuracy: 46.436%
Epoch 33 Training Accuracy: 47.316%
Epoch 34 Training Accuracy: 48.068%
Epoch 35 Training Accuracy: 49.292%
Epoch 36 Training Accuracy: 49.808%
Epoch 37 Training Accuracy: 50.768%
Epoch 38 Training Accuracy: 51.992%
Epoch 39 Training Accuracy: 52.296%
Epoch 40 Training Accuracy: 53.414%
Epoch 41 Training Accuracy: 54.286%
Epoch 42 Training Accuracy: 55.19%
Epoch 43 Training Accuracy: 55.524%
Epoch 44 Training Accuracy: 56.554%
Epoch 45 Training Accuracy: 57.506%
Epoch 46 Training Accuracy: 58.314%
Epoch 47 Training Accuracy: 59.01%
Epoch 48 Training Accuracy: 59.856%
Epoch 49 Training Accuracy: 60.444%
Epoch 50 Training Accuracy: 61.19%
Finished Training
Training Time : 1241.6373410224915
Final Training Loss: 1.4036149611253568
Final Training Accuracy: 61.19%
Memory used for training: 2958823 Bytes
Saving the model as CNN_CIFAR100_2GPUs.pth
cuda:0
Files already downloaded and verified
Files already downloaded and verified
Let's use 2 GPUs!
Test Accuracy: 38.56%
Test Loss: 2.6985140598503645
