cuda:0
Files already downloaded and verified
Files already downloaded and verified
Let's use 4 GPUs!
Number of GPUS :4
Epoch 1 Training Accuracy: 0.98%
Epoch 2 Training Accuracy: 1.148%
Epoch 3 Training Accuracy: 1.322%
Epoch 4 Training Accuracy: 1.606%
Epoch 5 Training Accuracy: 1.732%
Epoch 6 Training Accuracy: 2.132%
Epoch 7 Training Accuracy: 2.468%
Epoch 8 Training Accuracy: 5.658%
Epoch 9 Training Accuracy: 8.718%
Epoch 10 Training Accuracy: 10.358%
Epoch 11 Training Accuracy: 12.19%
Epoch 12 Training Accuracy: 13.22%
Epoch 13 Training Accuracy: 14.622%
Epoch 14 Training Accuracy: 15.88%
Epoch 15 Training Accuracy: 16.832%
Epoch 16 Training Accuracy: 17.898%
Epoch 17 Training Accuracy: 19.004%
Epoch 18 Training Accuracy: 20.064%
Epoch 19 Training Accuracy: 21.064%
Epoch 20 Training Accuracy: 21.92%
Epoch 21 Training Accuracy: 22.802%
Epoch 22 Training Accuracy: 23.678%
Epoch 23 Training Accuracy: 24.762%
Epoch 24 Training Accuracy: 25.606%
Epoch 25 Training Accuracy: 26.594%
Epoch 26 Training Accuracy: 27.36%
Epoch 27 Training Accuracy: 28.004%
Epoch 28 Training Accuracy: 29.16%
Epoch 29 Training Accuracy: 30.004%
Epoch 30 Training Accuracy: 30.936%
Epoch 31 Training Accuracy: 31.522%
Epoch 32 Training Accuracy: 32.486%
Epoch 33 Training Accuracy: 33.276%
Epoch 34 Training Accuracy: 33.892%
Epoch 35 Training Accuracy: 34.542%
Epoch 36 Training Accuracy: 35.302%
Epoch 37 Training Accuracy: 35.922%
Epoch 38 Training Accuracy: 36.898%
Epoch 39 Training Accuracy: 37.44%
Epoch 40 Training Accuracy: 38.182%
Epoch 41 Training Accuracy: 38.972%
Epoch 42 Training Accuracy: 39.686%
Epoch 43 Training Accuracy: 40.182%
Epoch 44 Training Accuracy: 40.788%
Epoch 45 Training Accuracy: 41.43%
Epoch 46 Training Accuracy: 41.82%
Epoch 47 Training Accuracy: 42.382%
Epoch 48 Training Accuracy: 43.152%
Epoch 49 Training Accuracy: 43.78%
Epoch 50 Training Accuracy: 44.104%
Finished Training
Training Time : 1222.3059122562408
Final Training Loss: 2.1526625467383345
Final Training Accuracy: 44.104%
Memory used for training: 3112377 Bytes
Saving the model as CNN_CIFAR100_4GPUs.pth
cuda:0
Files already downloaded and verified
Files already downloaded and verified
Let's use 4 GPUs!
Test Accuracy: 36.58%
Test Loss: 2.5812057241608826
