cuda:0
Files already downloaded and verified
Files already downloaded and verified
Number of GPUS :1
[1,  1500] loss: 4.605
Epoch 1 Training Accuracy: 1.192%
[2,  1500] loss: 4.596
Epoch 2 Training Accuracy: 1.346%
[3,  1500] loss: 4.295
Epoch 3 Training Accuracy: 5.464%
[4,  1500] loss: 3.865
Epoch 4 Training Accuracy: 11.06%
[5,  1500] loss: 3.621
Epoch 5 Training Accuracy: 15.066%
[6,  1500] loss: 3.418
Epoch 6 Training Accuracy: 18.378%
[7,  1500] loss: 3.258
Epoch 7 Training Accuracy: 21.272%
[8,  1500] loss: 3.122
Epoch 8 Training Accuracy: 23.928%
[9,  1500] loss: 2.995
Epoch 9 Training Accuracy: 25.91%
[10,  1500] loss: 2.883
Epoch 10 Training Accuracy: 28.134%
[11,  1500] loss: 2.771
Epoch 11 Training Accuracy: 30.368%
[12,  1500] loss: 2.670
Epoch 12 Training Accuracy: 32.392%
[13,  1500] loss: 2.581
Epoch 13 Training Accuracy: 34.506%
[14,  1500] loss: 2.492
Epoch 14 Training Accuracy: 36.508%
[15,  1500] loss: 2.413
Epoch 15 Training Accuracy: 38.298%
[16,  1500] loss: 2.335
Epoch 16 Training Accuracy: 39.712%
[17,  1500] loss: 2.267
Epoch 17 Training Accuracy: 41.074%
[18,  1500] loss: 2.195
Epoch 18 Training Accuracy: 42.842%
[19,  1500] loss: 2.123
Epoch 19 Training Accuracy: 44.144%
[20,  1500] loss: 2.058
Epoch 20 Training Accuracy: 45.672%
[21,  1500] loss: 2.001
Epoch 21 Training Accuracy: 47.066%
[22,  1500] loss: 1.939
Epoch 22 Training Accuracy: 48.4%
[23,  1500] loss: 1.878
Epoch 23 Training Accuracy: 49.83%
[24,  1500] loss: 1.821
Epoch 24 Training Accuracy: 50.972%
[25,  1500] loss: 1.764
Epoch 25 Training Accuracy: 52.098%
[26,  1500] loss: 1.711
Epoch 26 Training Accuracy: 53.632%
[27,  1500] loss: 1.652
Epoch 27 Training Accuracy: 54.978%
[28,  1500] loss: 1.599
Epoch 28 Training Accuracy: 56.228%
[29,  1500] loss: 1.548
Epoch 29 Training Accuracy: 57.444%
[30,  1500] loss: 1.498
Epoch 30 Training Accuracy: 58.414%
Finished Training
Training Time : 541.35999584198
Final Training Loss: 0.06305062313226271
Final Training Accuracy: 58.414%
Memory used for training: 2188778 Bytes
Saving the model as CNN_CIFAR100_1GPUs.pth
cuda:0
Files already downloaded and verified
Files already downloaded and verified
Test Accuracy: 40.77%
Test Loss: 2.486173280130941
